8.7160 OK TX 0x55 0xAA 0x00 0x00 0x00 0x00 0xFF
8.7270 OK RX 0x55 0xAA 0x03 0x00 0x00 0x01 0x00 0x03
9.0210 OK TX 0x55 0xAA 0x00 0x01 0x00 0x00 0x00
9.0300 OK RX 0x55 0xAA 0x03 0x01 0x00 0x2A 0x7B 0x22 0x70 0x22 0x3A 0x22 0x69 0x38 0x63 0x65 0x6A 0x39 0x63 0x68 0x67 0x77 0x65 0x62 0x7A 0x72 0x6D 0x70 0x22 0x2C 0x22 0x76 0x22 0x3A 0x22 0x31 0x2E 0x30 0x2E 0x30 0x22 0x2C 0x22 0x6D 0x22 0x3A 0x30 0x7D 0x34
9.3270 OK TX 0x55 0xAA 0x00 0x02 0x00 0x00 0x01
9.3350 OK RX 0x55 0xAA 0x03 0x02 0x00 0x00 0x04
10.6670 OK RX 0x55 0xAA 0x03 0x07 0x00 0x05 0x65 0x04 0x00 0x01 0x01 0x79
11.6810 OK TX 0x55 0xAA 0x00 0x03 0x00 0x01 0x03 0x06
11.6890 OK RX 0x55 0xAA 0x03 0x03 0x00 0x00 0x05
11.7350 OK TX 0x55 0xAA 0x00 0x00 0x00 0x00 0xFF
11.7440 OK RX 0x55 0xAA 0x03 0x00 0x00 0x01 0x01 0x04
12.0370 OK TX 0x55 0xAA 0x00 0x08 0x00 0x00 0x07
12.0450 OK RX 0x55 0xAA 0x03 0x07 0x00 0x05 0x65 0x04 0x00 0x01 0x01 0x79
12.0690 OK RX 0x55 0xAA 0x03 0x07 0x00 0x05 0x66 0x04 0x00 0x01 0x00 0x79
12.0830 OK RX 0x55 0xAA 0x03 0x07 0x00 0x05 0x67 0x01 0x00 0x01 0x00 0x77
12.0950 OK RX 0x55 0xAA 0x03 0x07 0x00 0x05 0x68 0x01 0x00 0x01 0x00 0x78
12.1070 OK RX 0x55 0xAA 0x03 0x07 0x00 0x05 0x69 0x04 0x00 0x01 0x00 0x7C
12.1210 OK RX 0x55 0xAA 0x03 0x07 0x00 0x05 0x6A 0x04 0x00 0x01 0x00 0x7D
12.1330 OK RX 0x55 0xAA 0x03 0x07 0x00 0x05 0x6B 0x04 0x00 0x01 0x00 0x7E
12.1450 OK RX 0x55 0xAA 0x03 0x07 0x00 0x05 0x6C 0x04 0x00 0x01 0x00 0x7F
12.2740 OK RX 0x55 0xAA 0x03 0x07 0x00 0x08 0x6D 0x02 0x00 0x04 0x00 0x00 0x00 0x00 0x84
12.9470 OK RX 0x55 0xAA 0x03 0x07 0x00 0x05 0x65 0x04 0x00 0x01 0x01 0x79
15.0660 OK RX 0x55 0xAA 0x03 0x07 0x00 0x05 0x65 0x04 0x00 0x01 0x01 0x79
17.1880 OK RX 0x55 0xAA 0x03 0x07 0x00 0x05 0x65 0x04 0x00 0x01 0x01 0x79
19.3050 OK RX 0x55 0xAA 0x03 0x07 0x00 0x05 0x65 0x04 0x00 0x01 0x01 0x79
21.4320 OK RX 0x55 0xAA 0x03 0x07 0x00 0x05 0x65 0x04 0x00 0x01 0x01 0x79
23.5620 OK RX 0x55 0xAA 0x03 0x07 0x00 0x05 0x65 0x04 0x00 0x01 0x01 0x79
25.6870 OK RX 0x55 0xAA 0x03 0x07 0x00 0x05 0x65 0x04 0x00 0x01 0x01 0x79
26.7770 OK TX 0x55 0xAA 0x00 0x00 0x00 0x00 0xFF
26.7850 OK RX 0x55 0xAA 0x03 0x00 0x00 0x01 0x01 0x04
27.8200 OK RX 0x55 0xAA 0x03 0x07 0x00 0x05 0x65 0x04 0x00 0x01 0x01 0x79
29.9370 OK RX 0x55 0xAA 0x03 0x07 0x00 0x05 0x65 0x04 0x00 0x01 0x01 0x79
32.0660 OK RX 0x55 0xAA 0x03 0x07 0x00 0x05 0x65 0x04 0x00 0x01 0x01 0x79
34.1880 OK RX 0x55 0xAA 0x03 0x07 0x00 0x05 0x65 0x04 0x00 0x01 0x01 0x79
36.3110 OK RX 0x55 0xAA 0x03 0x07 0x00 0x05 0x65 0x04 0x00 0x01 0x01 0x79
38.4270 OK RX 0x55 0xAA 0x03 0x07 0x00 0x05 0x65 0x04 0x00 0x01 0x01 0x79
40.5540 OK RX 0x55 0xAA 0x03 0x07 0x00 0x05 0x65 0x04 0x00 0x01 0x01 0x79
41.7460 OK TX 0x55 0xAA 0x00 0x00 0x00 0x00 0xFF
41.7530 OK RX 0x55 0xAA 0x03 0x00 0x00 0x01 0x01 0x04
42.6800 OK RX 0x55 0xAA 0x03 0x07 0x00 0x05 0x65 0x04 0x00 0x01 0x01 0x79
44.8000 OK RX 0x55 0xAA 0x03 0x07 0x00 0x05 0x65 0x04 0x00 0x01 0x01 0x79
46.9250 OK RX 0x55 0xAA 0x03 0x07 0x00 0x05 0x65 0x04 0x00 0x01 0x01 0x79
49.0480 OK RX 0x55 0xAA 0x03 0x07 0x00 0x05 0x65 0x04 0x00 0x01 0x01 0x79
51.1670 OK RX 0x55 0xAA 0x03 0x07 0x00 0x05 0x65 0x04 0x00 0x01 0x01 0x79
53.2830 OK RX 0x55 0xAA 0x03 0x07 0x00 0x05 0x65 0x04 0x00 0x01 0x01 0x79
55.3990 OK RX 0x55 0xAA 0x03 0x07 0x00 0x05 0x65 0x04 0x00 0x01 0x01 0x79
56.7620 OK TX 0x55 0xAA 0x00 0x00 0x00 0x00 0xFF
56.7700 OK RX 0x55 0xAA 0x03 0x00 0x00 0x01 0x01 0x04
57.5260 OK RX 0x55 0xAA 0x03 0x07 0x00 0x05 0x65 0x04 0x00 0x01 0x01 0x79
59.6310 OK RX 0x55 0xAA 0x03 0x07 0x00 0x05 0x65 0x04 0x00 0x01 0x01 0x79
61.7590 OK RX 0x55 0xAA 0x03 0x07 0x00 0x05 0x65 0x04 0x00 0x01 0x01 0x79
63.8810 OK RX 0x55 0xAA 0x03 0x07 0x00 0x05 0x65 0x04 0x00 0x01 0x01 0x79
66.0100 OK RX 0x55 0xAA 0x03 0x07 0x00 0x05 0x65 0x04 0x00 0x01 0x01 0x79
68.1270 OK RX 0x55 0xAA 0x03 0x07 0x00 0x05 0x65 0x04 0x00 0x01 0x01 0x79
70.2410 OK RX 0x55 0xAA 0x03 0x07 0x00 0x05 0x65 0x04 0x00 0x01 0x01 0x79
71.7790 OK TX 0x55 0xAA 0x00 0x00 0x00 0x00 0xFF
71.7870 OK RX 0x55 0xAA 0x03 0x00 0x00 0x01 0x01 0x04
72.3630 OK RX 0x55 0xAA 0x03 0x07 0x00 0x05 0x65 0x04 0x00 0x01 0x01 0x79
74.4800 OK RX 0x55 0xAA 0x03 0x07 0x00 0x05 0x65 0x04 0x00 0x01 0x01 0x79
76.5960 OK RX 0x55 0xAA 0x03 0x07 0x00 0x05 0x65 0x04 0x00 0x01 0x01 0x79
78.7100 OK RX 0x55 0xAA 0x03 0x07 0x00 0x05 0x65 0x04 0x00 0x01 0x01 0x79
78.8930 OK RX 0x55 0xAA 0x03 0x07 0x00 0x05 0x0A 0x01 0x00 0x01 0x01 0x1B
78.9060 OK RX 0x55 0xAA 0x03 0x07 0x00 0x05 0x65 0x04 0x00 0x01 0x01 0x79
78.9180 OK RX 0x55 0xAA 0x03 0x07 0x00 0x05 0x66 0x04 0x00 0x01 0x00 0x79
78.9300 OK RX 0x55 0xAA 0x03 0x07 0x00 0x05 0x67 0x01 0x00 0x01 0x00 0x77
78.9440 OK RX 0x55 0xAA 0x03 0x07 0x00 0x05 0x68 0x01 0x00 0x01 0x00 0x78
78.9560 OK RX 0x55 0xAA 0x03 0x07 0x00 0x05 0x69 0x04 0x00 0x01 0x00 0x7C
78.9680 OK RX 0x55 0xAA 0x03 0x07 0x00 0x05 0x6A 0x04 0x00 0x01 0x01 0x7E
78.9820 OK RX 0x55 0xAA 0x03 0x07 0x00 0x05 0x6B 0x04 0x00 0x01 0x00 0x7E
78.9940 OK RX 0x55 0xAA 0x03 0x07 0x00 0x05 0x6C 0x04 0x00 0x01 0x00 0x7F
79.0060 OK RX 0x55 0xAA 0x03 0x07 0x00 0x08 0x6D 0x02 0x00 0x04 0x00 0x00 0x00 0x00 0x84
79.0230 OK RX 0x55 0xAA 0x03 0x07 0x00 0x05 0x6A 0x04 0x00 0x01 0x01 0x7E
79.8940 OK RX 0x55 0xAA 0x03 0x07 0x00 0x05 0x6A 0x04 0x00 0x01 0x01 0x7E
80.8920 OK RX 0x55 0xAA 0x03 0x07 0x00 0x05 0x6A 0x04 0x00 0x01 0x01 0x7E
81.0780 OK RX 0x55 0xAA 0x03 0x07 0x00 0x05 0x65 0x04 0x00 0x01 0x01 0x79
81.8920 OK RX 0x55 0xAA 0x03 0x07 0x00 0x05 0x6A 0x04 0x00 0x01 0x01 0x7E
82.8890 OK RX 0x55 0xAA 0x03 0x07 0x00 0x05 0x6A 0x04 0x00 0x01 0x01 0x7E
83.3190 OK RX 0x55 0xAA 0x03 0x07 0x00 0x05 0x65 0x04 0x00 0x01 0x01 0x79
83.7920 OK RX 0x55 0xAA 0x03 0x07 0x00 0x08 0x6D 0x02 0x00 0x04 0x00 0x00 0x00 0x27 0xAB
83.8880 OK RX 0x55 0xAA 0x03 0x07 0x00 0x05 0x6A 0x04 0x00 0x01 0x01 0x7E