4.9240 OK TX 0x55 0xAA 0x00 0x00 0x00 0x00 0xFF
4.9320 OK RX 0x55 0xAA 0x03 0x00 0x00 0x01 0x00 0x03
5.2290 OK TX 0x55 0xAA 0x00 0x01 0x00 0x00 0x00
5.2380 OK RX 0x55 0xAA 0x03 0x01 0x00 0x2A 0x7B 0x22 0x70 0x22 0x3A 0x22 0x69 0x38 0x63 0x65 0x6A 0x39 0x63 0x68 0x67 0x77 0x65 0x62 0x7A 0x72 0x6D 0x70 0x22 0x2C 0x22 0x76 0x22 0x3A 0x22 0x31 0x2E 0x30 0x2E 0x30 0x22 0x2C 0x22 0x6D 0x22 0x3A 0x30 0x7D 0x34
5.5350 OK TX 0x55 0xAA 0x00 0x02 0x00 0x00 0x01
5.5420 OK RX 0x55 0xAA 0x03 0x02 0x00 0x00 0x04
6.8670 OK RX 0x55 0xAA 0x03 0x07 0x00 0x05 0x65 0x04 0x00 0x01 0x01 0x79
7.9450 OK TX 0x55 0xAA 0x00 0x03 0x00 0x01 0x03 0x06
7.9530 OK RX 0x55 0xAA 0x03 0x03 0x00 0x00 0x05
8.0010 OK TX 0x55 0xAA 0x00 0x00 0x00 0x00 0xFF
8.0090 OK RX 0x55 0xAA 0x03 0x00 0x00 0x01 0x01 0x04
8.2440 OK TX 0x55 0xAA 0x00 0x08 0x00 0x00 0x07
8.2530 OK RX 0x55 0xAA 0x03 0x07 0x00 0x05 0x0A 0x01 0x00 0x01 0x00 0x1A
8.2650 OK RX 0x55 0xAA 0x03 0x07 0x00 0x05 0x65 0x04 0x00 0x01 0x01 0x79
8.2780 OK RX 0x55 0xAA 0x03 0x07 0x00 0x05 0x66 0x04 0x00 0x01 0x00 0x79
8.2900 OK RX 0x55 0xAA 0x03 0x07 0x00 0x05 0x67 0x01 0x00 0x01 0x00 0x77
8.3030 INVALID RX 0x55 0xAA 0x03 0x07 0x00 0x55 0x05 0xAA 0x68 0x00 0x01 0x03 0x00 0x00 0x01 0x01 0x00 0x04 0x78 0x07 0x55 0xAA 0x03 0x07 0x00 0x05 0x69 0x04 0x00 0x01 0x00 0x7C 0x55 0xAA 0x03 0x07 0x00 0x05 0x6A 0x04 0x00 0x01 0x00 0x7D 0x55 0xAA 0x03 0x07 0x00 0x05 0x6B 0x04 0x00 0x01 0x00 0x7E 0x55 0xAA 0x03 0x07 0x00 0x05 0x6C 0x04 0x00 0x01 0x00 0x7F 0x55 0xAA 0x03 0x07 0x00 0x08 0x6D 0x02 0x00 0x04 0x00 0x00 0x00 0x00 0x84 0x55 0xAA 0x03 0x03 0x00 0x00 0x05 0x55 0xAA
9.1430 OK RX 0x55 0xAA 0x03 0x07 0x00 0x05 0x65 0x04 0x00 0x01 0x01 0x79
13.4020 OK RX 0x55 0xAA 0x03 0x07 0x00 0x05 0x65 0x04 0x00 0x01 0x01 0x79
15.5310 OK RX 0x55 0xAA 0x03 0x07 0x00 0x05 0x65 0x04 0x00 0x01 0x01 0x79
17.6560 OK RX 0x55 0xAA 0x03 0x07 0x00 0x05 0x65 0x04 0x00 0x01 0x01 0x79
19.7870 OK RX 0x55 0xAA 0x03 0x07 0x00 0x05 0x65 0x04 0x00 0x01 0x01 0x79
21.9110 OK RX 0x55 0xAA 0x03 0x07 0x00 0x05 0x65 0x04 0x00 0x01 0x01 0x79
22.9930 OK TX 0x55 0xAA 0x00 0x00 0x00 0x00 0xFF
23.0030 OK RX 0x55 0xAA 0x03 0x00 0x00 0x01 0x01 0x04
24.0490 OK RX 0x55 0xAA 0x03 0x07 0x00 0x05 0x65 0x04 0x00 0x01 0x01 0x79
26.1660 OK RX 0x55 0xAA 0x03 0x07 0x00 0x05 0x65 0x04 0x00 0x01 0x01 0x79
28.3000 OK RX 0x55 0xAA 0x03 0x07 0x00 0x05 0x65 0x04 0x00 0x01 0x01 0x79
30.4330 OK RX 0x55 0xAA 0x03 0x07 0x00 0x05 0x65 0x04 0x00 0x01 0x01 0x79
32.5610 OK RX 0x55 0xAA 0x03 0x07 0x00 0x05 0x65 0x04 0x00 0x01 0x01 0x79
34.6820 OK RX 0x55 0xAA 0x03 0x07 0x00 0x05 0x65 0x04 0x00 0x01 0x01 0x79
36.8090 OK RX 0x55 0xAA 0x03 0x07 0x00 0x05 0x65 0x04 0x00 0x01 0x01 0x79
37.9610 OK TX 0x55 0xAA 0x00 0x00 0x00 0x00 0xFF
37.9680 OK RX 0x55 0xAA 0x03 0x00 0x00 0x01 0x01 0x04
38.9490 OK RX 0x55 0xAA 0x03 0x07 0x00 0x05 0x65 0x04 0x00 0x01 0x01 0x79
41.0670 OK RX 0x55 0xAA 0x03 0x07 0x00 0x05 0x65 0x04 0x00 0x01 0x01 0x79
43.1850 OK RX 0x55 0xAA 0x03 0x07 0x00 0x05 0x65 0x04 0x00 0x01 0x01 0x79
45.3050 OK RX 0x55 0xAA 0x03 0x07 0x00 0x05 0x65 0x04 0x00 0x01 0x01 0x79
47.4300 OK RX 0x55 0xAA 0x03 0x07 0x00 0x05 0x65 0x04 0x00 0x01 0x01 0x79
49.5560 OK RX 0x55 0xAA 0x03 0x07 0x00 0x05 0x65 0x04 0x00 0x01 0x01 0x79