4.7600 OK TX 55 AA 00 00 00 00 FF
4.7700 OK RX 55 AA 03 00 00 01 00 03
5.0650 OK TX 55 AA 00 01 00 00 00
5.0750 OK RX 55 AA 03 01 00 2A 7B 22 70 22 3A 22 69 38 63 65 6A 39 63 68 67 77 65 62 7A 72 6D 70 22 2C 22 76 22 3A 22 31 2E 30 2E 30 22 2C 22 6D 22 3A 30 7D 34
5.3710 OK TX 55 AA 00 02 00 00 01
5.3800 OK RX 55 AA 03 02 00 00 04
6.6990 OK RX 55 AA 03 07 00 05 65 04 00 01 01 79
7.6850 OK TX 55 AA 00 03 00 01 03 06
7.6940 OK RX 55 AA 03 03 00 00 05
7.7970 OK TX 55 AA 00 00 00 00 FF
7.8050 OK RX 55 AA 03 00 00 01 01 04
8.0890 OK TX 55 AA 00 08 00 00 07
8.0970 INVALID RX 55 AA 03 07 00 05 55 0A AA 01 00 00
8.1070 OK RX 55 AA 03 07 00 05 66 04 00 01 00 79
8.1350 OK RX 55 AA 03 07 00 05 67 01 00 01 00 77
8.1470 OK RX 55 AA 03 07 00 05 68 01 00 01 00 78
8.1600 OK RX 55 AA 03 07 00 05 69 04 00 01 00 7C
8.1720 OK RX 55 AA 03 07 00 05 6A 04 00 01 00 7D
8.1850 OK RX 55 AA 03 07 00 05 6B 04 00 01 00 7E
8.1980 OK RX 55 AA 03 07 00 05 6C 04 00 01 00 7F
8.2870 OK RX 55 AA 03 07 00 08 6D 02 00 04 00 00 00 00 84
8.9740 OK RX 55 AA 03 07 00 05 65 04 00 01 01 79
11.0940 OK RX 55 AA 03 07 00 05 65 04 00 01 01 79
13.2210 OK RX 55 AA 03 07 00 05 65 04 00 01 01 79
15.3470 OK RX 55 AA 03 07 00 05 65 04 00 01 01 79
17.4720 OK RX 55 AA 03 07 00 05 65 04 00 01 01 79
19.5920 OK RX 55 AA 03 07 00 05 65 04 00 01 01 79
21.7110 OK RX 55 AA 03 07 00 05 65 04 00 01 01 79
22.8020 OK TX 55 AA 00 00 00 00 FF
22.8090 OK RX 55 AA 03 00 00 01 01 04
23.8350 OK RX 55 AA 03 07 00 05 65 04 00 01 01 79
25.9540 OK RX 55 AA 03 07 00 05 65 04 00 01 01 79
28.0780 OK RX 55 AA 03 07 00 05 65 04 00 01 01 79
29.7020 OK RX 55 AA 03 07 00 05 0A 01 00 01 01 1B
29.7140 OK RX 55 AA 03 07 00 05 65 04 00 01 01 79
29.7270 OK RX 55 AA 03 07 00 05 66 04 00 01 00 79
29.7400 OK RX 55 AA 03 07 00 05 67 01 00 01 00 77
29.7520 OK RX 55 AA 03 07 00 05 68 01 00 01 00 78
29.7650 OK RX 55 AA 03 07 00 05 69 04 00 01 00 7C
29.7770 OK RX 55 AA 03 07 00 05 6A 04 00 01 01 7E
29.8700 OK RX 55 AA 03 07 00 05 6B 04 00 01 00 7E
30.2030 OK RX 55 AA 03 07 00 05 6A 04 00 01 01 7E
30.3750 OK RX 55 AA 03 07 00 05 65 04 00 01 01 79
31.2030 OK RX 55 AA 03 07 00 05 6A 04 00 01 01 7E
32.1990 OK RX 55 AA 03 07 00 05 6A 04 00 01 01 7E
32.6160 OK RX 55 AA 03 07 00 05 65 04 00 01 01 79
33.1980 OK RX 55 AA 03 07 00 05 6A 04 00 01 01 7E
34.1960 OK RX 55 AA 03 07 00 05 6A 04 00 01 01 7E
34.6010 OK RX 55 AA 03 07 00 08 6D 02 00 04 00 00 00 27 AB
34.8720 OK RX 55 AA 03 07 00 05 65 04 00 01 01 79
35.1940 OK RX 55 AA 03 07 00 05 6A 04 00 01 01 7E
36.1930 OK RX 55 AA 03 07 00 05 6A 04 00 01 01 7E
37.1150 OK RX 55 AA 03 07 00 05 65 04 00 01 01 79
37.1910 OK RX 55 AA 03 07 00 05 6A 04 00 01 01 7E
37.8180 OK TX 55 AA 00 00 00 00 FF
37.8250 OK RX 55 AA 03 00 00 01 01 04
38.1900 OK RX 55 AA 03 07 00 05 6A 04 00 01 01 7E
39.1870 OK RX 55 AA 03 07 00 05 6A 04 00 01 01 7E
39.3660 OK RX 55 AA 03 07 00 05 65 04 00 01 01 79
39.5980 OK RX 55 AA 03 07 00 08 6D 02 00 04 00 00 00 30 B4