8.4330 OK TX 55 AA 00 00 00 00 FF
8.4430 OK RX 55 AA 03 00 00 01 00 03
8.7380 OK TX 55 AA 00 01 00 00 00
8.7490 OK RX 55 AA 03 01 00 2A 7B 22 70 22 3A 22 69 38 63 65 6A 39 63 68 67 77 65 62 7A 72 6D 70 22 2C 22 76 22 3A 22 31 2E 30 2E 30 22 2C 22 6D 22 3A 30 7D 34
9.0440 OK TX 55 AA 00 02 00 00 01
9.0530 OK RX 55 AA 03 02 00 00 04
10.3690 OK RX 55 AA 03 07 00 05 65 04 00 01 00 78
11.4050 OK TX 55 AA 00 03 00 01 03 06
11.4140 OK RX 55 AA 03 03 00 00 05
11.4570 OK TX 55 AA 00 00 00 00 FF
11.4650 OK RX 55 AA 03 00 00 01 01 04
11.7590 OK TX 55 AA 00 08 00 00 07
11.7660 OK RX 55 AA 03 07 00 05 65 04 00 01 00 78
11.7920 OK RX 55 AA 03 07 00 05 66 04 00 01 00 79
11.8050 OK RX 55 AA 03 07 00 05 67 01 00 01 00 77
11.8170 OK RX 55 AA 03 07 00 05 68 01 00 01 00 78
11.8300 OK RX 55 AA 03 07 00 05 69 04 00 01 00 7C
11.8430 OK RX 55 AA 03 07 00 05 6A 04 00 01 00 7D
11.8550 OK RX 55 AA 03 07 00 05 6B 04 00 01 00 7E
11.8680 OK RX 55 AA 03 07 00 05 6C 04 00 01 00 7F
11.9580 OK RX 55 AA 03 07 00 08 6D 02 00 04 00 00 00 00 84
12.6410 OK RX 55 AA 03 07 00 05 65 04 00 01 00 78
14.7590 OK RX 55 AA 03 07 00 05 65 04 00 01 00 78
16.8820 OK RX 55 AA 03 07 00 05 65 04 00 01 00 78
19.0020 OK RX 55 AA 03 07 00 05 65 04 00 01 00 78
21.1210 OK RX 55 AA 03 07 00 05 65 04 00 01 00 78
23.2440 OK RX 55 AA 03 07 00 05 65 04 00 01 00 78
25.3600 OK RX 55 AA 03 07 00 05 65 04 00 01 00 78
26.4830 OK TX 55 AA 00 00 00 00 FF
26.4900 OK RX 55 AA 03 00 00 01 01 04
26.8850 OK RX 55 AA 03 07 00 05 0A 01 00 01 01 1B
26.8970 OK RX 55 AA 03 07 00 05 65 04 00 01 00 78
26.9090 OK RX 55 AA 03 07 00 05 66 04 00 01 00 79
26.9230 OK RX 55 AA 03 07 00 05 67 01 00 01 00 77
26.9350 OK RX 55 AA 03 07 00 05 68 01 00 01 00 78
26.9470 OK RX 55 AA 03 07 00 05 69 04 00 01 00 7C
26.9600 OK RX 55 AA 03 07 00 05 6A 04 00 01 01 7E
26.9730 OK RX 55 AA 03 07 00 05 6B 04 00 01 00 7E
26.9850 OK RX 55 AA 03 07 00 05 6C 04 00 01 00 7F
26.9980 OK RX 55 AA 03 07 00 08 6D 02 00 04 00 00 00 00 84
27.6660 OK RX 55 AA 03 07 00 05 65 04 00 01 00 78
29.8670 OK RX 55 AA 03 07 00 05 65 04 00 01 00 78
31.7840 OK RX 55 AA 03 07 00 08 6D 02 00 04 00 00 00 27 AB
32.0930 OK RX 55 AA 03 07 00 05 65 04 00 01 00 78
34.2980 OK RX 55 AA 03 07 00 05 65 04 00 01 00 78
36.5090 OK RX 55 AA 03 07 00 05 65 04 00 01 00 78
36.7810 OK RX 55 AA 03 07 00 08 6D 02 00 04 00 00 00 2F B3
38.7510 OK RX 55 AA 03 07 00 05 65 04 00 01 00 78
40.9600 OK RX 55 AA 03 07 00 05 65 04 00 01 00 78
41.4990 OK TX 55 AA 00 00 00 00 FF
41.5080 OK RX 55 AA 03 00 00 01 01 04
41.7780 OK RX 55 AA 03 07 00 08 6D 02 00 04 00 00 00 2F B3
43.2110 OK RX 55 AA 03 07 00 05 65 04 00 01 00 78
45.4290 OK RX 55 AA 03 07 00 05 65 04 00 01 00 78
46.7740 OK RX 55 AA 03 07 00 08 6D 02 00 04 00 00 00 2F B3
50.6510 OK RX 55 AA 03 07 00 05 65 04 00 01 01 79
50.8590 OK RX 55 AA 03 07 00 05 6A 04 00 01 01 7E
51.7700 OK RX 55 AA 03 07 00 08 6D 02 00 04 00 00 00 2F B3
51.8610 OK RX 55 AA 03 07 00 05 6A 04 00 01 01 7E
52.8590 OK RX 55 AA 03 07 00 05 6A 04 00 01 01 7E
52.9550 OK RX 55 AA 03 07 00 05 65 04 00 01 01 79
53.8580 OK RX 55 AA 03 07 00 05 6A 04 00 01 01 7E
54.8590 OK RX 55 AA 03 07 00 05 6A 04 00 01 01 7E
55.1530 OK RX 55 AA 03 07 00 05 65 04 00 01 01 79
55.8560 OK RX 55 AA 03 07 00 05 6A 04 00 01 01 7E
56.5160 OK TX 55 AA 00 00 00 00 FF
56.5240 OK RX 55 AA 03 00 00 01 01 04
56.7670 OK RX 55 AA 03 07 00 08 6D 02 00 04 00 00 00 2F B3
56.8570 OK RX 55 AA 03 07 00 05 6A 04 00 01 01 7E
57.4170 OK RX 55 AA 03 07 00 05 65 04 00 01 01 79
57.8560 OK RX 55 AA 03 07 00 05 6A 04 00 01 01 7E
58.8540 OK RX 55 AA 03 07 00 05 6A 04 00 01 01 7E
59.6630 OK RX 55 AA 03 07 00 05 65 04 00 01 01 79
59.8520 OK RX 55 AA 03 07 00 05 6A 04 00 01 01 7E
60.8510 OK RX 55 AA 03 07 00 05 6A 04 00 01 01 7E
61.7630 OK RX 55 AA 03 07 00 08 6D 02 00 04 00 00 00 2E B2
61.8530 OK RX 55 AA 03 07 00 05 6A 04 00 01 01 7E
61.9320 OK RX 55 AA 03 07 00 05 65 04 00 01 01 79
62.8530 OK RX 55 AA 03 07 00 05 6A 04 00 01 01 7E
63.8500 OK RX 55 AA 03 07 00 05 6A 04 00 01 01 7E
64.1780 OK RX 55 AA 03 07 00 05 65 04 00 01 01 79
64.8480 OK RX 55 AA 03 07 00 05 6A 04 00 01 01 7E
65.8470 OK RX 55 AA 03 07 00 05 6A 04 00 01 01 7E
66.4100 OK RX 55 AA 03 07 00 05 65 04 00 01 01 79
66.7590 OK RX 55 AA 03 07 00 08 6D 02 00 04 00 00 00 2E B2
66.8490 OK RX 55 AA 03 07 00 05 6A 04 00 01 01 7E
67.8480 OK RX 55 AA 03 07 00 05 6A 04 00 01 01 7E
68.6650 OK RX 55 AA 03 07 00 05 65 04 00 01 01 79
68.8460 OK RX 55 AA 03 07 00 05 6A 04 00 01 01 7E
69.4770 OK RX 55 AA 03 07 00 05 66 04 00 01 01 7A
69.4890 OK RX 55 AA 03 07 00 05 67 01 00 01 00 77
69.5010 OK RX 55 AA 03 07 00 05 68 01 00 01 00 78
69.5150 OK RX 55 AA 03 07 00 05 6A 04 00 01 01 7E
69.8460 OK RX 55 AA 03 07 00 05 6A 04 00 01 01 7E
70.4040 OK RX 55 AA 03 07 00 05 66 04 00 01 02 7B
70.4170 OK RX 55 AA 03 07 00 05 67 01 00 01 00 77
70.4290 OK RX 55 AA 03 07 00 05 68 01 00 01 00 78
70.4410 OK RX 55 AA 03 07 00 05 6A 04 00 01 01 7E
70.8430 OK RX 55 AA 03 07 00 05 6A 04 00 01 01 7E
70.8930 OK RX 55 AA 03 07 00 05 66 04 00 01 03 7C
70.9870 OK RX 55 AA 03 07 00 05 67 01 00 01 00 77
71.0860 OK RX 55 AA 03 07 00 05 65 04 00 01 01 79
71.5210 OK RX 55 AA 03 07 00 05 66 04 00 01 00 79
71.5320 OK RX 55 AA 03 07 00 05 68 01 00 01 00 78
71.5590 OK RX 55 AA 03 07 00 05 6A 04 00 01 00 7D
71.5710 OK RX 55 AA 03 00 00 01 01 04
71.8410 OK RX 55 AA 03 07 00 05 6A 04 00 01 00 7D
72.8410 OK RX 55 AA 03 07 00 05 6A 04 00 01 00 7D
73.3920 OK RX 55 AA 03 07 00 05 65 04 00 01 01 79
73.8390 OK RX 55 AA 03 07 00 05 6A 04 00 01 00 7D
74.4520 OK RX 55 AA 03 07 00 05 66 04 00 01 00 79
74.4660 OK RX 55 AA 03 07 00 05 67 01 00 01 00 77
74.4780 OK RX 55 AA 03 07 00 05 68 01 00 01 00 78
74.4900 OK RX 55 AA 03 07 00 05 6A 04 00 01 00 7D
74.8380 OK RX 55 AA 03 07 00 05 6A 04 00 01 00 7D
75.6810 OK RX 55 AA 03 07 00 05 65 04 00 01 01 79
75.8360 OK RX 55 AA 03 07 00 05 6A 04 00 01 00 7D
76.8350 OK RX 55 AA 03 07 00 05 6A 04 00 01 00 7D
77.8330 OK RX 55 AA 03 07 00 05 6A 04 00 01 00 7D
77.9370 OK RX 55 AA 03 07 00 05 65 04 00 01 01 79
78.8310 OK RX 55 AA 03 07 00 05 6A 04 00 01 00 7D
79.4470 OK RX 55 AA 03 07 00 08 6D 02 00 04 00 00 00 2E B2
79.8340 OK RX 55 AA 03 07 00 05 6A 04 00 01 00 7D
80.1890 OK RX 55 AA 03 07 00 05 68 01 00 01 01 79
80.2020 OK RX 55 AA 03 07 00 05 67 01 00 01 00 77
80.2150 OK RX 55 AA 03 07 00 05 69 04 00 01 00 7C
80.2270 OK RX 55 AA 03 07 00 05 6A 04 00 01 02 7F
80.2410 OK RX 55 AA 03 07 00 05 65 04 00 01 01 79
80.8320 OK RX 55 AA 03 07 00 05 6A 04 00 01 02 7F
81.4260 OK RX 55 AA 03 07 00 05 68 01 00 01 00 78
81.4380 OK RX 55 AA 03 07 00 05 67 01 00 01 00 77
81.4510 OK RX 55 AA 03 07 00 05 69 04 00 01 00 7C
81.4630 OK RX 55 AA 03 07 00 05 6A 04 00 01 02 7F
81.8300 OK RX 55 AA 03 07 00 05 6A 04 00 01 02 7F
82.2330 OK RX 55 AA 03 07 00 05 68 01 00 01 01 79
82.2460 OK RX 55 AA 03 07 00 05 67 01 00 01 00 77
82.2580 OK RX 55 AA 03 07 00 05 69 04 00 01 00 7C
82.2710 OK RX 55 AA 03 07 00 05 6A 04 00 01 02 7F
82.5980 OK RX 55 AA 03 07 00 05 65 04 00 01 01 79
82.8320 OK RX 55 AA 03 07 00 05 6A 04 00 01 02 7F
83.8280 OK RX 55 AA 03 07 00 05 6A 04 00 01 02 7F
84.7950 OK RX 55 AA 03 07 00 05 69 04 00 01 00 7C
84.8070 OK RX 55 AA 03 07 00 05 68 01 00 01 00 78
84.8280 OK RX 55 AA 03 07 00 05 6A 04 00 01 02 7F
84.8850 OK RX 55 AA 03 07 00 05 65 04 00 01 01 79
85.3130 OK RX 55 AA 03 07 00 05 69 04 00 01 01 7D
85.3260 OK RX 55 AA 03 07 00 05 68 01 00 01 00 78
85.8130 OK RX 55 AA 03 07 00 05 69 04 00 01 02 7E
85.8250 OK RX 55 AA 03 07 00 05 68 01 00 01 00 78
85.8380 OK RX 55 AA 03 07 00 05 6A 04 00 01 02 7F
86.2910 OK RX 55 AA 03 07 00 05 69 04 00 01 03 7F
86.3040 OK RX 55 AA 03 07 00 05 68 01 00 01 00 78
86.5490 OK TX 55 AA 00 00 00 00 FF
86.5560 OK RX 55 AA 03 00 00 01 01 04
86.6900 OK RX 55 AA 03 07 00 05 69 04 00 01 04 80
86.7030 OK RX 55 AA 03 07 00 05 68 01 00 01 00 78
86.8230 OK RX 55 AA 03 07 00 05 6A 04 00 01 02 7F
87.1690 OK RX 55 AA 03 07 00 05 69 04 00 01 05 81
87.1820 OK RX 55 AA 03 07 00 05 68 01 00 01 00 78
87.2700 OK RX 55 AA 03 07 00 05 65 04 00 01 01 79
87.6990 OK RX 55 AA 03 07 00 05 69 04 00 01 06 82
87.7120 OK RX 55 AA 03 07 00 05 68 01 00 01 00 78
87.8220 OK RX 55 AA 03 07 00 05 6A 04 00 01 02 7F
88.1560 OK RX 55 AA 03 07 00 05 69 04 00 01 07 83
88.1680 OK RX 55 AA 03 07 00 05 68 01 00 01 00 78
88.6650 OK RX 55 AA 03 07 00 05 69 04 00 01 08 84
88.6770 OK RX 55 AA 03 07 00 05 68 01 00 01 00 78
88.8200 OK RX 55 AA 03 07 00 05 6A 04 00 01 02 7F
89.1830 OK RX 55 AA 03 07 00 05 69 04 00 01 00 7C
89.1950 OK RX 55 AA 03 07 00 05 68 01 00 01 00 78
89.6170 OK RX 55 AA 03 07 00 05 65 04 00 01 01 79
89.6410 OK RX 55 AA 03 07 00 05 69 04 00 01 01 7D
89.6550 OK RX 55 AA 03 07 00 05 68 01 00 01 00 78
89.8190 OK RX 55 AA 03 07 00 05 6A 04 00 01 02 7F
90.1210 OK RX 55 AA 03 07 00 05 69 04 00 01 02 7E
90.1330 OK RX 55 AA 03 07 00 05 68 01 00 01 00 78
90.6390 OK RX 55 AA 03 07 00 05 69 04 00 01 03 7F
90.6510 OK RX 55 AA 03 07 00 05 68 01 00 01 00 78
90.8170 OK RX 55 AA 03 07 00 05 6A 04 00 01 02 7F
91.1870 OK RX 55 AA 03 07 00 05 69 04 00 01 04 80
91.2800 OK RX 55 AA 03 07 00 05 68 01 00 01 00 78
91.6750 OK RX 55 AA 03 07 00 05 69 04 00 01 05 81
91.6880 OK RX 55 AA 03 07 00 05 68 01 00 01 00 78
91.8070 OK RX 55 AA 03 07 00 05 6A 04 00 01 02 7F
92.0110 OK RX 55 AA 03 07 00 05 65 04 00 01 01 79
92.1650 OK RX 55 AA 03 07 00 05 69 04 00 01 06 82
92.1770 OK RX 55 AA 03 07 00 05 68 01 00 01 00 78
92.5930 OK RX 55 AA 03 07 00 05 69 04 00 01 07 83
92.6060 OK RX 55 AA 03 07 00 05 68 01 00 01 00 78
92.8140 OK RX 55 AA 03 07 00 05 6A 04 00 01 02 7F
92.9820 OK RX 55 AA 03 07 00 05 69 04 00 01 08 84
92.9940 OK RX 55 AA 03 07 00 05 68 01 00 01 00 78
93.3300 OK RX 55 AA 03 07 00 05 69 04 00 01 00 7C
93.3420 OK RX 55 AA 03 07 00 05 68 01 00 01 00 78
93.6200 OK RX 55 AA 03 07 00 05 69 04 00 01 01 7D
93.6320 OK RX 55 AA 03 07 00 05 68 01 00 01 00 78
93.8130 OK RX 55 AA 03 07 00 05 6A 04 00 01 02 7F
93.8800 OK RX 55 AA 03 07 00 05 69 04 00 01 02 7E
93.8920 OK RX 55 AA 03 07 00 05 68 01 00 01 00 78
94.1180 OK RX 55 AA 03 07 00 05 69 04 00 01 03 7F
94.2120 OK RX 55 AA 03 07 00 05 68 01 00 01 00 78
94.3480 OK RX 55 AA 03 07 00 05 69 04 00 01 04 80
94.3600 OK RX 55 AA 03 07 00 05 68 01 00 01 00 78
94.4680 OK RX 55 AA 03 07 00 05 65 04 00 01 01 79
94.5670 OK RX 55 AA 03 07 00 05 69 04 00 01 05 81
94.5790 OK RX 55 AA 03 07 00 05 68 01 00 01 00 78
94.7960 OK RX 55 AA 03 07 00 05 69 04 00 01 06 82
94.8100 OK RX 55 AA 03 07 00 05 68 01 00 01 00 78
94.8220 OK RX 55 AA 03 07 00 05 6A 04 00 01 02 7F
94.9560 OK RX 55 AA 03 07 00 05 69 04 00 01 07 83
94.9690 OK RX 55 AA 03 07 00 05 68 01 00 01 00 78
95.1250 OK RX 55 AA 03 07 00 05 69 04 00 01 08 84
95.1370 OK RX 55 AA 03 07 00 05 68 01 00 01 00 78
95.4740 OK RX 55 AA 03 07 00 05 69 04 00 01 00 7C
95.4880 OK RX 55 AA 03 07 00 05 68 01 00 01 00 78
95.6340 OK RX 55 AA 03 07 00 05 69 04 00 01 01 7D
95.6470 OK RX 55 AA 03 07 00 05 68 01 00 01 00 78
95.8100 OK RX 55 AA 03 07 00 05 6A 04 00 01 02 7F
96.2010 OK RX 55 AA 03 07 00 05 69 04 00 01 02 7E
96.2150 OK RX 55 AA 03 07 00 05 68 01 00 01 00 78
96.3710 OK RX 55 AA 03 07 00 05 69 04 00 01 03 7F
96.3840 OK RX 55 AA 03 07 00 05 68 01 00 01 00 78
96.5310 OK RX 55 AA 03 07 00 05 69 04 00 01 04 80
96.5430 OK RX 55 AA 03 07 00 05 68 01 00 01 00 78
96.7410 OK RX 55 AA 03 07 00 05 69 04 00 01 05 81
96.7530 OK RX 55 AA 03 07 00 05 68 01 00 01 00 78
96.8080 OK RX 55 AA 03 07 00 05 6A 04 00 01 02 7F
96.9200 OK RX 55 AA 03 07 00 05 69 04 00 01 06 82
96.9320 OK RX 55 AA 03 07 00 05 68 01 00 01 00 78
97.0060 OK RX 55 AA 03 07 00 05 65 04 00 01 01 79
97.1110 OK RX 55 AA 03 07 00 05 69 04 00 01 07 83
97.1230 OK RX 55 AA 03 07 00 05 68 01 00 01 00 78
97.2890 OK RX 55 AA 03 07 00 05 69 04 00 01 08 84
97.3010 OK RX 55 AA 03 07 00 05 68 01 00 01 00 78
97.4880 OK RX 55 AA 03 07 00 05 69 04 00 01 00 7C
97.5010 OK RX 55 AA 03 07 00 05 68 01 00 01 00 78
97.6870 OK RX 55 AA 03 07 00 05 69 04 00 01 01 7D
97.7000 OK RX 55 AA 03 07 00 05 68 01 00 01 00 78
97.8070 OK RX 55 AA 03 07 00 05 6A 04 00 01 02 7F
97.8680 OK RX 55 AA 03 07 00 05 69 04 00 01 02 7E
97.9610 OK RX 55 AA 03 07 00 05 68 01 00 01 00 78
98.0680 OK RX 55 AA 03 07 00 05 69 04 00 01 03 7F
98.0800 OK RX 55 AA 03 07 00 05 68 01 00 01 00 78
98.2370 OK RX 55 AA 03 07 00 05 69 04 00 01 04 80
98.2490 OK RX 55 AA 03 07 00 05 68 01 00 01 00 78
98.3960 OK RX 55 AA 03 07 00 05 69 04 00 01 05 81
98.4090 OK RX 55 AA 03 07 00 05 68 01 00 01 00 78
98.5860 OK RX 55 AA 03 07 00 05 69 04 00 01 06 82
98.5980 OK RX 55 AA 03 07 00 05 68 01 00 01 00 78
98.7650 OK RX 55 AA 03 07 00 05 69 04 00 01 07 83
98.7780 OK RX 55 AA 03 07 00 05 68 01 00 01 00 78
98.8050 OK RX 55 AA 03 07 00 05 6A 04 00 01 02 7F
98.9350 OK RX 55 AA 03 07 00 05 69 04 00 01 08 84
98.9480 OK RX 55 AA 03 07 00 05 68 01 00 01 00 78
99.1130 OK RX 55 AA 03 07 00 05 69 04 00 01 00 7C
99.1270 OK RX 55 AA 03 07 00 05 68 01 00 01 00 78
99.2640 OK RX 55 AA 03 07 00 05 69 04 00 01 01 7D
99.2770 OK RX 55 AA 03 07 00 05 68 01 00 01 00 78
99.4640 OK RX 55 AA 03 07 00 05 69 04 00 01 02 7E
99.4760 OK RX 55 AA 03 07 00 05 68 01 00 01 00 78
99.6130 OK RX 55 AA 03 07 00 05 65 04 00 01 01 79
99.6530 OK RX 55 AA 03 07 00 05 69 04 00 01 03 7F
99.6650 OK RX 55 AA 03 07 00 05 68 01 00 01 00 78
99.8040 OK RX 55 AA 03 07 00 05 6A 04 00 01 02 7F
99.8320 OK RX 55 AA 03 07 00 05 69 04 00 01 04 80
99.8450 OK RX 55 AA 03 07 00 05 68 01 00 01 00 78
100.0010 OK RX 55 AA 03 07 00 05 69 04 00 01 05 81
100.0150 OK RX 55 AA 03 07 00 05 68 01 00 01 00 78
100.1820 OK RX 55 AA 03 07 00 05 69 04 00 01 06 82
100.1950 OK RX 55 AA 03 07 00 05 68 01 00 01 00 78
100.3900 OK RX 55 AA 03 07 00 05 69 04 00 01 07 83
100.4030 OK RX 55 AA 03 07 00 05 68 01 00 01 00 78
100.5310 OK RX 55 AA 03 07 00 05 69 04 00 01 08 84
100.5430 OK RX 55 AA 03 07 00 05 68 01 00 01 00 78
100.6890 OK RX 55 AA 03 07 00 05 69 04 00 01 00 7C
100.7030 OK RX 55 AA 03 07 00 05 68 01 00 01 00 78
100.8020 OK RX 55 AA 03 07 00 05 6A 04 00 01 02 7F
100.8790 OK RX 55 AA 03 07 00 05 69 04 00 01 01 7D
100.8910 OK RX 55 AA 03 07 00 05 68 01 00 01 00 78
101.0590 OK RX 55 AA 03 07 00 05 69 04 00 01 02 7E
101.1530 OK RX 55 AA 03 07 00 05 68 01 00 01 00 78
101.2590 OK RX 55 AA 03 07 00 05 69 04 00 01 03 7F
101.2710 OK RX 55 AA 03 07 00 05 68 01 00 01 00 78
101.4470 OK RX 55 AA 03 07 00 05 69 04 00 01 04 80
101.4600 OK RX 55 AA 03 07 00 05 68 01 00 01 00 78
101.5650 OK TX 55 AA 00 00 00 00 FF
101.5730 OK RX 55 AA 03 00 00 01 01 04
101.6080 OK RX 55 AA 03 07 00 05 69 04 00 01 05 81
101.6200 OK RX 55 AA 03 07 00 05 68 01 00 01 00 78
101.7770 OK RX 55 AA 03 07 00 05 69 04 00 01 06 82
101.7900 OK RX 55 AA 03 07 00 05 68 01 00 01 00 78
101.8030 OK RX 55 AA 03 07 00 05 6A 04 00 01 02 7F
101.9370 OK RX 55 AA 03 07 00 05 69 04 00 01 07 83
101.9490 OK RX 55 AA 03 07 00 05 68 01 00 01 00 78
102.0960 OK RX 55 AA 03 07 00 05 69 04 00 01 08 84
102.1090 OK RX 55 AA 03 07 00 05 68 01 00 01 00 78
102.2750 OK RX 55 AA 03 07 00 05 69 04 00 01 00 7C
102.2880 OK RX 55 AA 03 07 00 05 68 01 00 01 00 78
102.3150 OK RX 55 AA 03 07 00 05 65 04 00 01 01 79
102.4340 OK RX 55 AA 03 07 00 05 69 04 00 01 01 7D
102.5280 OK RX 55 AA 03 07 00 05 68 01 00 01 00 78
102.6340 OK RX 55 AA 03 07 00 05 69 04 00 01 02 7E
102.6460 OK RX 55 AA 03 07 00 05 68 01 00 01 00 78
102.7990 OK RX 55 AA 03 07 00 05 6A 04 00 01 02 7F
102.8230 OK RX 55 AA 03 07 00 05 69 04 00 01 03 7F
102.8360 OK RX 55 AA 03 07 00 05 68 01 00 01 00 78
102.9930 OK RX 55 AA 03 07 00 05 69 04 00 01 04 80
103.0060 OK RX 55 AA 03 07 00 05 68 01 00 01 00 78
103.1630 OK RX 55 AA 03 07 00 05 69 04 00 01 05 81
103.1760 OK RX 55 AA 03 07 00 05 68 01 00 01 00 78
103.3520 OK RX 55 AA 03 07 00 05 69 04 00 01 06 82
103.3640 OK RX 55 AA 03 07 00 05 68 01 00 01 00 78
103.5320 OK RX 55 AA 03 07 00 05 69 04 00 01 07 83
103.5450 OK RX 55 AA 03 07 00 05 68 01 00 01 00 78
103.7010 OK RX 55 AA 03 07 00 05 69 04 00 01 08 84
103.7130 OK RX 55 AA 03 07 00 05 68 01 00 01 00 78
103.7980 OK RX 55 AA 03 07 00 05 6A 04 00 01 02 7F
103.8910 OK RX 55 AA 03 07 00 05 69 04 00 01 00 7C
103.9040 OK RX 55 AA 03 07 00 05 68 01 00 01 00 78
104.0900 OK RX 55 AA 03 07 00 05 69 04 00 01 01 7D
104.1850 OK RX 55 AA 03 07 00 05 68 01 00 01 00 78
104.2190 OK RX 55 AA 03 07 00 05 69 04 00 01 02 7E
104.2320 OK RX 55 AA 03 07 00 05 68 01 00 01 00 78
104.3790 OK RX 55 AA 03 07 00 05 69 04 00 01 03 7F
104.3910 OK RX 55 AA 03 07 00 05 68 01 00 01 00 78
104.5390 OK RX 55 AA 03 07 00 05 69 04 00 01 04 80
104.5510 OK RX 55 AA 03 07 00 05 68 01 00 01 00 78
104.7190 OK RX 55 AA 03 07 00 05 69 04 00 01 05 81
104.7310 OK RX 55 AA 03 07 00 05 68 01 00 01 00 78
104.7980 OK RX 55 AA 03 07 00 05 6A 04 00 01 02 7F
104.8780 OK RX 55 AA 03 07 00 05 69 04 00 01 06 82
104.8910 OK RX 55 AA 03 07 00 05 68 01 00 01 00 78
104.9680 OK RX 55 AA 03 07 00 05 65 04 00 01 01 79
105.2870 OK RX 55 AA 03 07 00 05 69 04 00 01 07 83
105.3000 OK RX 55 AA 03 07 00 05 68 01 00 01 00 78
105.4560 OK RX 55 AA 03 07 00 05 69 04 00 01 08 84
105.4680 OK RX 55 AA 03 07 00 05 68 01 00 01 00 78
105.6360 OK RX 55 AA 03 07 00 05 69 04 00 01 00 7C
105.6490 OK RX 55 AA 03 07 00 05 68 01 00 01 00 78
105.7950 OK RX 55 AA 03 07 00 05 6A 04 00 01 02 7F
105.8900 OK RX 55 AA 03 07 00 05 69 04 00 01 01 7D
106.0540 OK RX 55 AA 03 07 00 05 69 04 00 01 02 7E
106.0660 OK RX 55 AA 03 07 00 05 68 01 00 01 00 78
106.2740 OK RX 55 AA 03 07 00 05 69 04 00 01 03 7F
106.2870 OK RX 55 AA 03 07 00 05 68 01 00 01 00 78
106.4740 OK RX 55 AA 03 07 00 05 69 04 00 01 04 80
106.4860 OK RX 55 AA 03 07 00 05 68 01 00 01 00 78
106.6830 OK RX 55 AA 03 07 00 05 69 04 00 01 05 81
106.6960 OK RX 55 AA 03 07 00 05 68 01 00 01 00 78
106.7860 OK RX 55 AA 03 07 00 05 6A 04 00 01 02 7F
106.9020 OK RX 55 AA 03 07 00 05 69 04 00 01 06 82
106.9140 OK RX 55 AA 03 07 00 05 68 01 00 01 00 78
107.1010 OK RX 55 AA 03 07 00 05 69 04 00 01 07 83
107.1140 OK RX 55 AA 03 07 00 05 68 01 00 01 00 78
107.3000 OK RX 55 AA 03 07 00 05 69 04 00 01 08 84
107.3140 OK RX 55 AA 03 07 00 05 68 01 00 01 00 78
107.4900 OK RX 55 AA 03 07 00 05 69 04 00 01 00 7C
107.5020 OK RX 55 AA 03 07 00 05 68 01 00 01 00 78
107.5340 OK RX 55 AA 03 07 00 05 65 04 00 01 01 79
107.6700 OK RX 55 AA 03 07 00 05 69 04 00 01 01 7D
107.7640 OK RX 55 AA 03 07 00 05 68 01 00 01 00 78
107.7920 OK RX 55 AA 03 07 00 05 6A 04 00 01 02 7F
107.8300 OK RX 55 AA 03 07 00 05 69 04 00 01 02 7E
107.8420 OK RX 55 AA 03 07 00 05 68 01 00 01 00 78
107.9900 OK RX 55 AA 03 07 00 05 69 04 00 01 03 7F
108.0020 OK RX 55 AA 03 07 00 05 68 01 00 01 00 78
108.1780 OK RX 55 AA 03 07 00 05 69 04 00 01 04 80
108.1900 OK RX 55 AA 03 07 00 05 68 01 00 01 00 78
108.3780 OK RX 55 AA 03 07 00 05 69 04 00 01 05 81
108.3900 OK RX 55 AA 03 07 00 05 68 01 00 01 00 78
108.5480 OK RX 55 AA 03 07 00 05 69 04 00 01 06 82
108.5600 OK RX 55 AA 03 07 00 05 68 01 00 01 00 78
108.7180 OK RX 55 AA 03 07 00 05 69 04 00 01 07 83
108.7300 OK RX 55 AA 03 07 00 05 68 01 00 01 00 78
108.7900 OK RX 55 AA 03 07 00 05 6A 04 00 01 02 7F
108.8660 OK RX 55 AA 03 07 00 05 69 04 00 01 08 84
108.8790 OK RX 55 AA 03 07 00 05 68 01 00 01 00 78
108.9860 OK RX 55 AA 03 07 00 05 69 04 00 01 00 7C
108.9980 OK RX 55 AA 03 07 00 05 68 01 00 01 00 78
109.1250 OK RX 55 AA 03 07 00 05 69 04 00 01 01 7D
109.2190 OK RX 55 AA 03 07 00 05 68 01 00 01 00 78
109.2550 OK RX 55 AA 03 07 00 05 69 04 00 01 02 7E
109.2670 OK RX 55 AA 03 07 00 05 68 01 00 01 00 78
109.5240 OK RX 55 AA 03 07 00 05 69 04 00 01 03 7F
109.5370 OK RX 55 AA 03 07 00 05 68 01 00 01 00 78
109.7040 OK RX 55 AA 03 07 00 05 69 04 00 01 04 80
109.7170 OK RX 55 AA 03 07 00 05 68 01 00 01 00 78
109.7890 OK RX 55 AA 03 07 00 05 6A 04 00 01 02 7F
110.1360 OK RX 55 AA 03 07 00 05 65 04 00 01 01 79
110.1500 OK RX 55 AA 03 07 00 05 69 04 00 01 05 81
110.1630 OK RX 55 AA 03 07 00 05 68 01 00 01 00 78
110.4230 OK RX 55 AA 03 07 00 05 69 04 00 01 06 82
110.4350 OK RX 55 AA 03 07 00 05 68 01 00 01 00 78
110.7870 OK RX 55 AA 03 07 00 05 6A 04 00 01 02 7F
110.8710 OK RX 55 AA 03 07 00 05 69 04 00 01 07 83
110.8830 OK RX 55 AA 03 07 00 05 68 01 00 01 00 78
111.6480 OK RX 55 AA 03 07 00 05 69 04 00 01 08 84
111.6610 OK RX 55 AA 03 07 00 05 68 01 00 01 00 78
111.7890 OK RX 55 AA 03 07 00 05 6A 04 00 01 02 7F
112.3560 OK RX 55 AA 03 07 00 05 69 04 00 01 00 7C
112.4510 OK RX 55 AA 03 07 00 05 68 01 00 01 00 78
112.5000 OK RX 55 AA 03 07 00 05 65 04 00 01 01 79
112.7860 OK RX 55 AA 03 07 00 05 6A 04 00 01 02 7F
113.6420 OK RX 55 AA 03 07 00 05 69 04 00 01 01 7D
113.6550 OK RX 55 AA 03 07 00 05 68 01 00 01 00 78
113.7830 OK RX 55 AA 03 07 00 05 6A 04 00 01 02 7F
114.7670 OK RX 55 AA 03 07 00 05 65 04 00 01 01 79
114.7840 OK RX 55 AA 03 07 00 05 6A 04 00 01 02 7F
114.9390 OK RX 55 AA 03 07 00 05 69 04 00 01 02 7E
114.9520 OK RX 55 AA 03 07 00 05 68 01 00 01 00 78
115.7800 OK RX 55 AA 03 07 00 05 6A 04 00 01 02 7F
116.5820 OK TX 55 AA 00 00 00 00 FF
116.5890 OK RX 55 AA 03 00 00 01 01 04
116.7800 OK RX 55 AA 03 07 00 05 6A 04 00 01 02 7F
117.0600 OK RX 55 AA 03 07 00 05 65 04 00 01 01 79
117.7780 OK RX 55 AA 03 07 00 05 6A 04 00 01 02 7F
118.7770 OK RX 55 AA 03 07 00 05 6A 04 00 01 02 7F
119.3070 OK RX 55 AA 03 07 00 05 65 04 00 01 01 79
119.7750 OK RX 55 AA 03 07 00 05 6A 04 00 01 02 7F
119.8960 OK RX 55 AA 03 07 00 08 6D 02 00 04 00 00 00 2E B2
120.7770 OK RX 55 AA 03 07 00 05 6A 04 00 01 02 7F
121.5770 OK RX 55 AA 03 07 00 05 65 04 00 01 01 79
121.7770 OK RX 55 AA 03 07 00 05 6A 04 00 01 02 7F
122.7750 OK RX 55 AA 03 07 00 05 6A 04 00 01 02 7F
123.7730 OK RX 55 AA 03 07 00 05 6A 04 00 01 02 7F
123.8340 OK RX 55 AA 03 07 00 05 65 04 00 01 01 79
124.7720 OK RX 55 AA 03 07 00 05 6A 04 00 01 02 7F
124.8940 OK RX 55 AA 03 07 00 08 6D 02 00 04 00 00 00 2E B2
125.7750 OK RX 55 AA 03 07 00 05 6A 04 00 01 02 7F
126.0910 OK RX 55 AA 03 07 00 05 65 04 00 01 01 79
126.7740 OK RX 55 AA 03 07 00 05 6A 04 00 01 02 7F
127.7720 OK RX 55 AA 03 07 00 05 6A 04 00 01 02 7F
128.1400 OK RX 55 AA 03 07 00 05 6C 04 00 01 00 7F
128.3320 OK RX 55 AA 03 07 00 05 65 04 00 01 01 79
128.4390 OK RX 55 AA 03 07 00 05 6C 04 00 01 01 80
128.7170 OK RX 55 AA 03 07 00 05 6C 04 00 01 02 81
128.7710 OK RX 55 AA 03 07 00 05 6A 04 00 01 02 7F
128.9970 OK RX 55 AA 03 07 00 05 6C 04 00 01 03 82
129.2460 OK RX 55 AA 03 07 00 05 6C 04 00 01 04 83
129.5150 OK RX 55 AA 03 07 00 05 6C 04 00 01 05 84
129.7690 OK RX 55 AA 03 07 00 05 6A 04 00 01 02 7F
129.7830 OK RX 55 AA 03 07 00 05 6C 04 00 01 06 85
130.0250 OK RX 55 AA 03 07 00 05 6C 04 00 01 07 86
130.2730 OK RX 55 AA 03 07 00 05 6C 04 00 01 08 87
130.5330 OK RX 55 AA 03 07 00 05 6C 04 00 01 09 88
130.6960 OK RX 55 AA 03 07 00 05 65 04 00 01 01 79
130.7670 OK RX 55 AA 03 07 00 05 6A 04 00 01 02 7F
130.7820 OK RX 55 AA 03 07 00 05 6C 04 00 01 0A 89
130.9920 OK RX 55 AA 03 07 00 05 6C 04 00 01 0B 8A
131.2010 OK RX 55 AA 03 07 00 05 6C 04 00 01 0C 8B
131.4300 OK RX 55 AA 03 07 00 05 6C 04 00 01 00 7F
131.5980 OK TX 55 AA 00 00 00 00 FF
131.6050 OK RX 55 AA 03 00 00 01 01 04
131.6400 OK RX 55 AA 03 07 00 05 6C 04 00 01 01 80
131.7670 OK RX 55 AA 03 07 00 05 6A 04 00 01 02 7F
131.8600 OK RX 55 AA 03 07 00 05 6C 04 00 01 02 81
132.0680 OK RX 55 AA 03 07 00 05 6C 04 00 01 03 82
132.2380 OK RX 55 AA 03 07 00 05 6C 04 00 01 04 83
132.4480 OK RX 55 AA 03 07 00 05 6C 04 00 01 05 84
132.6770 OK RX 55 AA 03 07 00 05 6C 04 00 01 06 85
132.7690 OK RX 55 AA 03 07 00 05 6A 04 00 01 02 7F
132.8570 OK RX 55 AA 03 07 00 05 6C 04 00 01 07 86
133.0860 OK RX 55 AA 03 07 00 05 6C 04 00 01 08 87
133.1360 OK RX 55 AA 03 07 00 05 65 04 00 01 01 79
133.2750 OK RX 55 AA 03 07 00 05 6C 04 00 01 09 88
133.4150 OK RX 55 AA 03 07 00 05 6C 04 00 01 0A 89
133.5940 OK RX 55 AA 03 07 00 05 6C 04 00 01 0B 8A
133.7650 OK RX 55 AA 03 07 00 05 6A 04 00 01 02 7F
133.8730 OK RX 55 AA 03 07 00 05 6C 04 00 01 0C 8B
134.0230 OK RX 55 AA 03 07 00 05 6C 04 00 01 00 7F
134.5220 OK RX 55 AA 03 07 00 05 6C 04 00 01 01 80
134.7400 OK RX 55 AA 03 07 00 05 6C 04 00 01 02 81
134.7630 OK RX 55 AA 03 07 00 05 6A 04 00 01 02 7F
135.0010 OK RX 55 AA 03 07 00 05 6C 04 00 01 03 82
135.2000 OK RX 55 AA 03 07 00 05 6C 04 00 01 04 83
135.4000 OK RX 55 AA 03 07 00 05 6C 04 00 01 05 84
135.5170 OK RX 55 AA 03 07 00 05 65 04 00 01 01 79
135.6090 OK RX 55 AA 03 07 00 05 6C 04 00 01 06 85
135.7610 OK RX 55 AA 03 07 00 05 6A 04 00 01 02 7F
135.8180 OK RX 55 AA 03 07 00 05 6C 04 00 01 07 86
136.0380 OK RX 55 AA 03 07 00 05 6C 04 00 01 08 87
136.2480 OK RX 55 AA 03 07 00 05 6C 04 00 01 09 88
136.4660 OK RX 55 AA 03 07 00 05 6C 04 00 01 0A 89
136.6860 OK RX 55 AA 03 07 00 05 6C 04 00 01 0B 8A
136.7520 OK RX 55 AA 03 07 00 05 6A 04 00 01 02 7F
136.8860 OK RX 55 AA 03 07 00 05 6C 04 00 01 0C 8B
137.1040 OK RX 55 AA 03 07 00 05 6C 04 00 01 00 7F
137.3240 OK RX 55 AA 03 07 00 05 6C 04 00 01 01 80
137.5240 OK RX 55 AA 03 07 00 05 6C 04 00 01 02 81
137.7130 OK RX 55 AA 03 07 00 05 6C 04 00 01 03 82
137.7580 OK RX 55 AA 03 07 00 05 6A 04 00 01 02 7F
137.9220 OK RX 55 AA 03 07 00 05 65 04 00 01 01 79
137.9360 OK RX 55 AA 03 07 00 05 6C 04 00 01 04 83
138.1620 OK RX 55 AA 03 07 00 05 6C 04 00 01 05 84
138.3810 OK RX 55 AA 03 07 00 05 6C 04 00 01 06 85
138.5800 OK RX 55 AA 03 07 00 05 6C 04 00 01 07 86
138.7580 OK RX 55 AA 03 07 00 05 6A 04 00 01 02 7F
138.9600 OK RX 55 AA 03 07 00 05 6C 04 00 01 08 87
139.1680 OK RX 55 AA 03 07 00 05 6C 04 00 01 09 88
139.3880 OK RX 55 AA 03 07 00 05 6C 04 00 01 0A 89
139.5880 OK RX 55 AA 03 07 00 05 6C 04 00 01 0B 8A
139.7570 OK RX 55 AA 03 07 00 05 6A 04 00 01 02 7F
139.7710 OK RX 55 AA 03 07 00 05 6C 04 00 01 0C 8B
139.9860 OK RX 55 AA 03 07 00 05 6C 04 00 01 00 7F
140.1860 OK RX 55 AA 03 07 00 05 6C 04 00 01 01 80
140.3160 OK RX 55 AA 03 07 00 05 65 04 00 01 01 79
140.3960 OK RX 55 AA 03 07 00 05 6C 04 00 01 02 81
140.6040 OK RX 55 AA 03 07 00 05 6C 04 00 01 03 82
140.7540 OK RX 55 AA 03 07 00 05 6A 04 00 01 02 7F
140.7690 OK RX 55 AA 03 07 00 05 6C 04 00 01 04 83
140.9740 OK RX 55 AA 03 07 00 05 6C 04 00 01 05 84
141.1940 OK RX 55 AA 03 07 00 05 6C 04 00 01 06 85
141.4020 OK RX 55 AA 03 07 00 05 6C 04 00 01 07 86
141.6120 OK RX 55 AA 03 07 00 05 6C 04 00 01 08 87
141.7530 OK RX 55 AA 03 07 00 05 6A 04 00 01 02 7F
141.8110 OK RX 55 AA 03 07 00 05 6C 04 00 01 09 88
141.9910 OK RX 55 AA 03 07 00 05 6C 04 00 01 0A 89
142.2000 OK RX 55 AA 03 07 00 05 6C 04 00 01 0B 8A
142.3990 OK RX 55 AA 03 07 00 05 6C 04 00 01 0C 8B
142.7300 OK RX 55 AA 03 07 00 05 65 04 00 01 01 79
142.8250 OK RX 55 AA 03 07 00 05 6A 04 00 01 02 7F
143.0190 OK RX 55 AA 03 07 00 05 6C 04 00 01 01 80
143.2470 OK RX 55 AA 03 07 00 05 6C 04 00 01 02 81
143.4760 OK RX 55 AA 03 07 00 05 6C 04 00 01 03 82
143.6760 OK RX 55 AA 03 07 00 05 6C 04 00 01 04 83
143.7500 OK RX 55 AA 03 07 00 05 6A 04 00 01 02 7F
143.8760 OK RX 55 AA 03 07 00 05 6C 04 00 01 05 84
144.1050 OK RX 55 AA 03 07 00 05 6C 04 00 01 06 85
144.2740 OK RX 55 AA 03 07 00 05 6C 04 00 01 07 86
144.4740 OK RX 55 AA 03 07 00 05 6C 04 00 01 08 87
144.7130 OK RX 55 AA 03 07 00 05 6C 04 00 01 09 88
144.7490 OK RX 55 AA 03 07 00 05 6A 04 00 01 02 7F
144.8640 OK RX 55 AA 03 07 00 05 6C 04 00 01 0A 89
145.0620 OK RX 55 AA 03 07 00 05 6C 04 00 01 0B 8A
145.1660 OK RX 55 AA 03 07 00 05 65 04 00 01 01 79
145.2520 OK RX 55 AA 03 07 00 05 6C 04 00 01 0C 8B
145.4520 OK RX 55 AA 03 07 00 05 6C 04 00 01 00 7F
145.6000 OK RX 55 AA 03 07 00 05 6C 04 00 01 01 80
145.7470 OK RX 55 AA 03 07 00 05 6A 04 00 01 02 7F
145.7610 OK RX 55 AA 03 07 00 05 6C 04 00 01 02 81
145.9200 OK RX 55 AA 03 07 00 05 6C 04 00 01 03 82
146.4580 OK RX 55 AA 03 07 00 05 6C 04 00 01 04 83
146.6140 OK TX 55 AA 00 00 00 00 FF
146.6220 OK RX 55 AA 03 00 00 01 01 04
146.6580 OK RX 55 AA 03 07 00 05 6C 04 00 01 05 84
146.7470 OK RX 55 AA 03 07 00 05 6A 04 00 01 02 7F
146.8670 OK RX 55 AA 03 07 00 05 6C 04 00 01 06 85
147.0470 OK RX 55 AA 03 07 00 05 6C 04 00 01 07 86
147.2070 OK RX 55 AA 03 07 00 05 6C 04 00 01 08 87
147.3950 OK RX 55 AA 03 07 00 05 6C 04 00 01 09 88
147.5610 OK RX 55 AA 03 07 00 05 65 04 00 01 01 79
147.5850 OK RX 55 AA 03 07 00 05 6C 04 00 01 0A 89
147.7440 OK RX 55 AA 03 07 00 05 6A 04 00 01 02 7F
147.8050 OK RX 55 AA 03 07 00 05 6C 04 00 01 0B 8A
147.9750 OK RX 55 AA 03 07 00 05 6C 04 00 01 0C 8B
148.1840 OK RX 55 AA 03 07 00 05 6C 04 00 01 00 7F
148.3530 OK RX 55 AA 03 07 00 05 6C 04 00 01 01 80
148.6710 OK RX 55 AA 03 07 00 05 6C 04 00 01 02 81
148.7430 OK RX 55 AA 03 07 00 05 6A 04 00 01 02 7F
148.9810 OK RX 55 AA 03 07 00 05 6C 04 00 01 03 82
149.2200 OK RX 55 AA 03 07 00 05 6C 04 00 01 04 83
149.6590 OK RX 55 AA 03 07 00 05 6C 04 00 01 05 84
149.7420 OK RX 55 AA 03 07 00 05 6A 04 00 01 02 7F
149.8680 OK RX 55 AA 03 07 00 05 6C 04 00 01 06 85
149.9710 OK RX 55 AA 03 07 00 05 65 04 00 01 01 79
150.0970 OK RX 55 AA 03 07 00 05 6C 04 00 01 07 86
150.3070 OK RX 55 AA 03 07 00 05 6C 04 00 01 08 87
150.7400 OK RX 55 AA 03 07 00 05 6A 04 00 01 02 7F
151.2350 OK RX 55 AA 03 07 00 05 6C 04 00 01 09 88
151.7140 OK RX 55 AA 03 07 00 05 6C 04 00 01 0A 89
151.7390 OK RX 55 AA 03 07 00 05 6A 04 00 01 02 7F
152.2760 OK RX 55 AA 03 07 00 05 65 04 00 01 01 79
152.7370 OK RX 55 AA 03 07 00 05 6A 04 00 01 02 7F
153.0700 OK RX 55 AA 03 07 00 05 6C 04 00 01 0B 8A
153.7380 OK RX 55 AA 03 07 00 05 6A 04 00 01 02 7F
153.9580 OK RX 55 AA 03 07 00 05 6C 04 00 01 0C 8B
154.5250 OK RX 55 AA 03 07 00 05 6C 04 00 01 00 7F
154.5610 OK RX 55 AA 03 07 00 05 65 04 00 01 01 79
154.7350 OK RX 55 AA 03 07 00 05 6A 04 00 01 02 7F
154.9250 OK RX 55 AA 03 07 00 05 6C 04 00 01 01 80
155.6230 OK RX 55 AA 03 07 00 05 6C 04 00 01 02 81
155.7340 OK RX 55 AA 03 07 00 05 6A 04 00 01 02 7F
155.9820 OK RX 55 AA 03 07 00 05 6C 04 00 01 03 82
156.3420 OK RX 55 AA 03 07 00 05 6C 04 00 01 04 83
156.7000 OK RX 55 AA 03 07 00 05 6C 04 00 01 05 84
156.7320 OK RX 55 AA 03 07 00 05 6A 04 00 01 02 7F
156.9000 OK RX 55 AA 03 07 00 05 65 04 00 01 01 79
157.1580 OK RX 55 AA 03 07 00 05 6C 04 00 01 06 85
157.6680 OK RX 55 AA 03 07 00 05 6C 04 00 01 07 86
157.7310 OK RX 55 AA 03 07 00 05 6A 04 00 01 02 7F
158.1060 OK RX 55 AA 03 07 00 05 6C 04 00 01 08 87
158.5850 OK RX 55 AA 03 07 00 05 6C 04 00 01 09 88
158.7290 OK RX 55 AA 03 07 00 05 6A 04 00 01 02 7F
159.0930 OK RX 55 AA 03 07 00 05 6C 04 00 01 0A 89
159.2050 OK RX 55 AA 03 07 00 05 65 04 00 01 01 79
159.7280 OK RX 55 AA 03 07 00 05 6A 04 00 01 02 7F
160.4680 OK RX 55 AA 03 07 00 05 6C 04 00 01 0B 8A
160.7290 OK RX 55 AA 03 07 00 05 6A 04 00 01 02 7F
161.2170 OK RX 55 AA 03 07 00 05 6C 04 00 01 0C 8B
161.4680 OK RX 55 AA 03 07 00 05 65 04 00 01 01 79
161.6310 OK TX 55 AA 00 00 00 00 FF
161.6380 OK RX 55 AA 03 00 00 01 01 04
161.7260 OK RX 55 AA 03 07 00 05 6C 04 00 01 00 7F
161.7380 OK RX 55 AA 03 07 00 05 6A 04 00 01 02 7F
162.7230 OK RX 55 AA 03 07 00 05 6A 04 00 01 02 7F
163.7230 OK RX 55 AA 03 07 00 05 6A 04 00 01 02 7F
163.7510 OK RX 55 AA 03 07 00 05 65 04 00 01 01 79
163.7700 OK RX 55 AA 03 07 00 05 6A 04 00 01 02 7F
164.1690 OK RX 55 AA 03 07 00 05 6A 04 00 01 02 7F
164.5970 OK RX 55 AA 03 07 00 05 6A 04 00 01 02 7F
164.7210 OK RX 55 AA 03 07 00 05 6A 04 00 01 02 7F
165.2250 OK RX 55 AA 03 07 00 05 6A 04 00 01 02 7F
165.4650 OK RX 55 AA 03 07 00 05 6A 04 00 01 02 7F
165.6350 OK RX 55 AA 03 07 00 05 6A 04 00 01 02 7F
165.7200 OK RX 55 AA 03 07 00 05 6A 04 00 01 02 7F
166.0690 OK RX 55 AA 03 07 00 05 65 04 00 01 01 79
166.7180 OK RX 55 AA 03 07 00 05 6A 04 00 01 02 7F
166.7920 OK RX 55 AA 03 07 00 05 68 01 00 01 01 79
166.8040 OK RX 55 AA 03 07 00 05 67 01 00 01 00 77
166.8160 OK RX 55 AA 03 07 00 05 69 04 00 01 00 7C
166.9090 OK RX 55 AA 03 07 00 05 6A 04 00 01 02 7F
167.7180 OK RX 55 AA 03 07 00 05 6A 04 00 01 02 7F
168.1200 OK RX 55 AA 03 07 00 05 68 01 00 01 00 78
168.1330 OK RX 55 AA 03 07 00 05 67 01 00 01 00 77
168.1450 OK RX 55 AA 03 07 00 05 69 04 00 01 00 7C
168.1580 OK RX 55 AA 03 07 00 05 6A 04 00 01 02 7F
168.4100 OK RX 55 AA 03 07 00 05 65 04 00 01 01 79
168.7160 OK RX 55 AA 03 07 00 05 6A 04 00 01 02 7F
169.3630 OK RX 55 AA 03 07 00 05 6A 04 00 01 03 80
169.7130 OK RX 55 AA 03 07 00 05 6A 04 00 01 03 80
169.7530 OK RX 55 AA 03 07 00 05 6A 04 00 01 00 7D
170.3010 OK RX 55 AA 03 07 00 05 6A 04 00 01 01 7E
170.6950 OK RX 55 AA 03 07 00 05 65 04 00 01 01 79
170.7130 OK RX 55 AA 03 07 00 05 6A 04 00 01 01 7E
170.7390 OK RX 55 AA 03 07 00 05 6A 04 00 01 02 7F
171.1490 OK RX 55 AA 03 07 00 05 6A 04 00 01 03 80
171.5770 OK RX 55 AA 03 07 00 05 6A 04 00 01 00 7D
171.7110 OK RX 55 AA 03 07 00 05 6A 04 00 01 00 7D
172.0050 OK RX 55 AA 03 07 00 05 6A 04 00 01 01 7E
172.4040 OK RX 55 AA 03 07 00 05 6A 04 00 01 02 7F
172.7090 OK RX 55 AA 03 07 00 05 6A 04 00 01 02 7F
172.7930 OK RX 55 AA 03 07 00 05 6A 04 00 01 03 80
173.0300 OK RX 55 AA 03 07 00 05 65 04 00 01 01 79
173.1330 OK RX 55 AA 03 07 00 05 6A 04 00 01 00 7D
173.4810 OK RX 55 AA 03 07 00 05 6A 04 00 01 01 7E
173.7020 OK RX 55 AA 03 07 00 05 6A 04 00 01 02 7F
173.7150 OK RX 55 AA 03 07 00 05 6A 04 00 01 02 7F
173.9110 OK RX 55 AA 03 07 00 05 6A 04 00 01 03 80
174.3000 OK RX 55 AA 03 07 00 05 6A 04 00 01 00 7D
174.4690 OK RX 55 AA 03 07 00 05 6A 04 00 01 01 7E
174.6670 OK RX 55 AA 03 07 00 05 6A 04 00 01 02 7F
174.7070 OK RX 55 AA 03 07 00 05 6A 04 00 01 02 7F
174.8590 OK RX 55 AA 03 07 00 05 6A 04 00 01 03 80
175.0570 OK RX 55 AA 03 07 00 05 6A 04 00 01 00 7D
175.2470 OK RX 55 AA 03 07 00 05 6A 04 00 01 01 7E
175.4100 OK RX 55 AA 03 07 00 05 65 04 00 01 01 79
175.4470 OK RX 55 AA 03 07 00 05 6A 04 00 01 02 7F
175.6350 OK RX 55 AA 03 07 00 05 6A 04 00 01 03 80
175.7050 OK RX 55 AA 03 07 00 05 6A 04 00 01 03 80
175.8150 OK RX 55 AA 03 07 00 05 6A 04 00 01 00 7D
175.9840 OK RX 55 AA 03 07 00 05 6A 04 00 01 01 7E
176.1530 OK RX 55 AA 03 07 00 05 6A 04 00 01 02 7F
176.3630 OK RX 55 AA 03 07 00 05 6A 04 00 01 03 80
176.5420 OK RX 55 AA 03 07 00 05 6A 04 00 01 00 7D
176.6470 OK TX 55 AA 00 00 00 00 FF
176.6550 OK RX 55 AA 03 00 00 01 01 04
176.7030 OK RX 55 AA 03 07 00 05 6A 04 00 01 00 7D
176.7520 OK RX 55 AA 03 07 00 05 6A 04 00 01 01 7E
176.9110 OK RX 55 AA 03 07 00 05 6A 04 00 01 02 7F
177.0810 OK RX 55 AA 03 07 00 05 6A 04 00 01 03 80
177.2600 OK RX 55 AA 03 07 00 05 6A 04 00 01 00 7D
177.4510 OK RX 55 AA 03 07 00 05 6A 04 00 01 01 7E
177.6400 OK RX 55 AA 03 07 00 05 6A 04 00 01 02 7F
177.7020 OK RX 55 AA 03 07 00 05 6A 04 00 01 02 7F
177.8100 OK RX 55 AA 03 07 00 05 6A 04 00 01 03 80
177.8620 OK RX 55 AA 03 07 00 05 65 04 00 01 01 79
178.7010 OK RX 55 AA 03 07 00 05 6A 04 00 01 03 80
179.1750 OK RX 55 AA 03 07 00 05 6A 04 00 01 00 7D
179.6990 OK RX 55 AA 03 07 00 05 6A 04 00 01 00 7D
180.1180 OK RX 55 AA 03 07 00 05 65 04 00 01 01 79
180.6980 OK RX 55 AA 03 07 00 05 6A 04 00 01 00 7D
181.5280 OK RX 55 AA 03 07 00 05 0A 01 00 01 00 1A
181.5400 OK RX 55 AA 03 07 00 05 65 04 00 01 01 79
181.5530 OK RX 55 AA 03 07 00 05 66 04 00 01 00 79
181.5660 OK RX 55 AA 03 07 00 05 67 01 00 01 00 77
181.5780 OK RX 55 AA 03 07 00 05 68 01 00 01 00 78
181.5910 OK RX 55 AA 03 07 00 05 69 04 00 01 00 7C
181.6040 OK RX 55 AA 03 07 00 05 6A 04 00 01 00 7D
181.6160 OK RX 55 AA 03 07 00 05 6B 04 00 01 00 7E
181.6280 OK RX 55 AA 03 07 00 05 6C 04 00 01 00 7F
181.6410 OK RX 55 AA 03 07 00 08 6D 02 00 04 00 00 00 2E B2
181.9720 OK RX 55 AA 03 07 00 05 0A 01 00 01 01 1B
181.9850 OK RX 55 AA 03 07 00 05 65 04 00 01 01 79
181.9970 OK RX 55 AA 03 07 00 05 66 04 00 01 00 79
182.0100 OK RX 55 AA 03 07 00 05 67 01 00 01 00 77
182.0230 OK RX 55 AA 03 07 00 05 68 01 00 01 00 78
182.0350 OK RX 55 AA 03 07 00 05 69 04 00 01 00 7C
182.0480 OK RX 55 AA 03 07 00 05 6A 04 00 01 01 7E
182.0610 OK RX 55 AA 03 07 00 05 6B 04 00 01 00 7E
182.0730 OK RX 55 AA 03 07 00 05 6C 04 00 01 00 7F
182.1690 OK RX 55 AA 03 07 00 08 6D 02 00 04 00 00 00 2E B2
182.4070 OK RX 55 AA 03 07 00 05 0A 01 00 01 00 1A
182.4200 OK RX 55 AA 03 07 00 05 65 04 00 01 01 79
182.4320 OK RX 55 AA 03 07 00 05 66 04 00 01 00 79
182.4450 OK RX 55 AA 03 07 00 05 67 01 00 01 00 77
182.4580 OK RX 55 AA 03 07 00 05 68 01 00 01 00 78
182.4700 OK RX 55 AA 03 07 00 05 69 04 00 01 00 7C
182.4820 OK RX 55 AA 03 07 00 05 6A 04 00 01 00 7D
182.4960 OK RX 55 AA 03 07 00 05 6B 04 00 01 00 7E
182.5080 OK RX 55 AA 03 07 00 05 6C 04 00 01 00 7F
182.5200 OK RX 55 AA 03 07 00 08 6D 02 00 04 00 00 00 2E B2
182.7290 OK RX 55 AA 03 07 00 05 65 04 00 01 01 79
182.8110 OK RX 55 AA 03 07 00 05 0A 01 00 01 01 1B
182.8230 OK RX 55 AA 03 07 00 05 65 04 00 01 01 79
182.8370 OK RX 55 AA 03 07 00 05 66 04 00 01 00 79
182.8490 OK RX 55 AA 03 07 00 05 67 01 00 01 00 77
182.8610 OK RX 55 AA 03 07 00 05 68 01 00 01 00 78
182.8750 OK RX 55 AA 03 07 00 05 69 04 00 01 00 7C
182.8870 OK RX 55 AA 03 07 00 05 6A 04 00 01 01 7E
182.8990 OK RX 55 AA 03 07 00 05 6B 04 00 01 00 7E
182.9960 OK RX 55 AA 03 07 00 05 6C 04 00 01 00 7F
183.1860 OK RX 55 AA 03 07 00 05 0A 01 00 01 00 1A
183.1980 OK RX 55 AA 03 07 00 05 65 04 00 01 01 79
183.2110 OK RX 55 AA 03 07 00 05 66 04 00 01 00 79
183.2240 OK RX 55 AA 03 07 00 05 67 01 00 01 00 77
183.2360 OK RX 55 AA 03 07 00 05 68 01 00 01 00 78
183.2480 OK RX 55 AA 03 07 00 05 69 04 00 01 00 7C
183.2620 OK RX 55 AA 03 07 00 05 6A 04 00 01 00 7D
183.2740 OK RX 55 AA 03 07 00 05 6B 04 00 01 00 7E
183.2860 OK RX 55 AA 03 07 00 05 6C 04 00 01 00 7F
183.3000 OK RX 55 AA 03 07 00 08 6D 02 00 04 00 00 00 2E B2
183.4900 OK RX 55 AA 03 07 00 05 0A 01 00 01 01 1B
183.5030 OK RX 55 AA 03 07 00 05 65 04 00 01 01 79
183.5160 OK RX 55 AA 03 07 00 05 66 04 00 01 00 79
183.5280 OK RX 55 AA 03 07 00 05 67 01 00 01 00 77
183.5410 OK RX 55 AA 03 07 00 05 68 01 00 01 00 78
183.5540 OK RX 55 AA 03 07 00 05 69 04 00 01 00 7C
183.5660 OK RX 55 AA 03 07 00 05 6A 04 00 01 01 7E
183.5790 OK RX 55 AA 03 07 00 05 6B 04 00 01 00 7E
183.5910 OK RX 55 AA 03 07 00 05 6C 04 00 01 00 7F
183.6870 OK RX 55 AA 03 07 00 08 6D 02 00 04 00 00 00 2E B2
183.6930 OK RX 55 AA 03 07 00 05 6A 04 00 01 01 7E
183.7360 OK RX 55 AA 03 07 00 05 0A 01 00 01 00 1A
183.7480 OK RX 55 AA 03 07 00 05 65 04 00 01 01 79
183.7600 OK RX 55 AA 03 07 00 05 66 04 00 01 00 79
183.7740 OK RX 55 AA 03 07 00 05 67 01 00 01 00 77
183.7860 OK RX 55 AA 03 07 00 05 68 01 00 01 00 78
183.7980 OK RX 55 AA 03 07 00 05 69 04 00 01 00 7C
183.8120 OK RX 55 AA 03 07 00 05 6A 04 00 01 00 7D
183.8240 OK RX 55 AA 03 07 00 05 6B 04 00 01 00 7E
183.8360 OK RX 55 AA 03 07 00 05 6C 04 00 01 00 7F
183.8490 OK RX 55 AA 03 07 00 08 6D 02 00 04 00 00 00 2E B2
184.1100 OK RX 55 AA 03 07 00 05 0A 01 00 01 01 1B
184.1220 OK RX 55 AA 03 07 00 05 65 04 00 01 01 79
184.1350 OK RX 55 AA 03 07 00 05 66 04 00 01 00 79
184.1470 OK RX 55 AA 03 07 00 05 67 01 00 01 00 77
184.1600 OK RX 55 AA 03 07 00 05 68 01 00 01 00 78
184.1730 OK RX 55 AA 03 07 00 05 69 04 00 01 00 7C
184.1850 OK RX 55 AA 03 07 00 05 6A 04 00 01 01 7E
184.1980 OK RX 55 AA 03 07 00 05 6B 04 00 01 00 7E
184.2950 OK RX 55 AA 03 07 00 05 6C 04 00 01 00 7F
184.5150 OK RX 55 AA 03 07 00 05 0A 01 00 01 00 1A
184.5270 OK RX 55 AA 03 07 00 05 65 04 00 01 01 79
184.5410 OK RX 55 AA 03 07 00 05 66 04 00 01 00 79
184.5530 OK RX 55 AA 03 07 00 05 67 01 00 01 00 77
184.5650 OK RX 55 AA 03 07 00 05 68 01 00 01 00 78
184.5790 OK RX 55 AA 03 07 00 05 69 04 00 01 00 7C
184.5910 OK RX 55 AA 03 07 00 05 6A 04 00 01 00 7D
184.6030 OK RX 55 AA 03 07 00 05 6B 04 00 01 00 7E
184.6160 OK RX 55 AA 03 07 00 05 6C 04 00 01 00 7F
184.6290 OK RX 55 AA 03 07 00 08 6D 02 00 04 00 00 00 2E B2
184.9700 OK RX 55 AA 03 07 00 05 0A 01 00 01 01 1B
184.9820 OK RX 55 AA 03 07 00 05 65 04 00 01 01 79
184.9950 OK RX 55 AA 03 07 00 05 66 04 00 01 00 79
185.0080 OK RX 55 AA 03 07 00 05 67 01 00 01 00 77
185.0200 OK RX 55 AA 03 07 00 05 68 01 00 01 00 78
185.0330 OK RX 55 AA 03 07 00 05 69 04 00 01 00 7C
185.0460 OK RX 55 AA 03 07 00 05 6A 04 00 01 01 7E
185.0580 OK RX 55 AA 03 07 00 05 6B 04 00 01 00 7E
185.0710 OK RX 55 AA 03 07 00 05 6C 04 00 01 00 7F
185.1660 OK RX 55 AA 03 07 00 08 6D 02 00 04 00 00 00 2E B2
185.3550 OK RX 55 AA 03 07 00 05 0A 01 00 01 00 1A
185.3670 OK RX 55 AA 03 07 00 05 65 04 00 01 01 79
185.3800 OK RX 55 AA 03 07 00 05 66 04 00 01 00 79
185.3930 OK RX 55 AA 03 07 00 05 67 01 00 01 00 77
185.4050 OK RX 55 AA 03 07 00 05 68 01 00 01 00 78
185.4180 OK RX 55 AA 03 07 00 05 69 04 00 01 00 7C
185.4310 OK RX 55 AA 03 07 00 05 6A 04 00 01 00 7D
185.4430 OK RX 55 AA 03 07 00 05 6B 04 00 01 00 7E
185.4560 OK RX 55 AA 03 07 00 05 6C 04 00 01 00 7F
185.4680 OK RX 55 AA 03 07 00 08 6D 02 00 04 00 00 00 2E B2
185.9530 OK RX 55 AA 03 07 00 05 65 04 00 01 01 79
186.4870 OK RX 55 AA 03 07 00 05 0A 01 00 01 01 1B
186.5000 OK RX 55 AA 03 07 00 05 65 04 00 01 01 79
186.5120 OK RX 55 AA 03 07 00 05 66 04 00 01 00 79
186.5250 OK RX 55 AA 03 07 00 05 67 01 00 01 00 77
186.5370 OK RX 55 AA 03 07 00 05 68 01 00 01 00 78
186.5500 OK RX 55 AA 03 07 00 05 69 04 00 01 00 7C
186.5620 OK RX 55 AA 03 07 00 05 6A 04 00 01 01 7E
186.5750 OK RX 55 AA 03 07 00 05 6B 04 00 01 00 7E
186.6720 OK RX 55 AA 03 07 00 05 6C 04 00 01 00 7F
186.6890 OK RX 55 AA 03 07 00 05 6A 04 00 01 01 7E
186.9720 OK RX 55 AA 03 07 00 05 0A 01 00 01 00 1A
186.9840 OK RX 55 AA 03 07 00 05 65 04 00 01 01 79
186.9970 OK RX 55 AA 03 07 00 05 66 04 00 01 00 79
187.0100 OK RX 55 AA 03 07 00 05 67 01 00 01 00 77
187.0220 OK RX 55 AA 03 07 00 05 68 01 00 01 00 78
187.0340 OK RX 55 AA 03 07 00 05 69 04 00 01 00 7C
187.0470 OK RX 55 AA 03 07 00 05 6A 04 00 01 00 7D
187.0600 OK RX 55 AA 03 07 00 05 6B 04 00 01 00 7E
187.0720 OK RX 55 AA 03 07 00 05 6C 04 00 01 00 7F
187.0850 OK RX 55 AA 03 07 00 08 6D 02 00 04 00 00 00 2E B2
187.7550 OK RX 55 AA 03 07 00 05 0A 01 00 01 01 1B
187.7670 OK RX 55 AA 03 07 00 05 65 04 00 01 01 79
187.7810 OK RX 55 AA 03 07 00 05 66 04 00 01 00 79
187.7930 OK RX 55 AA 03 07 00 05 67 01 00 01 00 77
187.8050 OK RX 55 AA 03 07 00 05 68 01 00 01 00 78
187.8170 OK RX 55 AA 03 07 00 05 69 04 00 01 00 7C
187.8310 OK RX 55 AA 03 07 00 05 6A 04 00 01 01 7E
187.8430 OK RX 55 AA 03 07 00 05 6B 04 00 01 00 7E
187.9380 OK RX 55 AA 03 07 00 05 6C 04 00 01 00 7F
188.5180 OK RX 55 AA 03 07 00 05 65 04 00 01 01 79
188.6860 OK RX 55 AA 03 07 00 05 6A 04 00 01 01 7E
189.1770 OK RX 55 AA 03 07 00 05 0A 01 00 01 00 1A
189.1900 OK RX 55 AA 03 07 00 05 65 04 00 01 01 79
189.2020 OK RX 55 AA 03 07 00 05 66 04 00 01 00 79
189.2150 OK RX 55 AA 03 07 00 05 67 01 00 01 00 77
189.2280 OK RX 55 AA 03 07 00 05 68 01 00 01 00 78
189.2400 OK RX 55 AA 03 07 00 05 69 04 00 01 00 7C
189.2530 OK RX 55 AA 03 07 00 05 6A 04 00 01 00 7D
189.2650 OK RX 55 AA 03 07 00 05 6B 04 00 01 00 7E
189.2780 OK RX 55 AA 03 07 00 05 6C 04 00 01 00 7F
189.2900 OK RX 55 AA 03 07 00 08 6D 02 00 04 00 00 00 2E B2
189.9500 OK RX 55 AA 03 07 00 05 0A 01 00 01 01 1B
189.9630 OK RX 55 AA 03 07 00 05 65 04 00 01 01 79
189.9750 OK RX 55 AA 03 07 00 05 66 04 00 01 00 79
189.9880 OK RX 55 AA 03 07 00 05 67 01 00 01 00 77
190.0010 OK RX 55 AA 03 07 00 05 68 01 00 01 00 78
190.0130 OK RX 55 AA 03 07 00 05 69 04 00 01 00 7C
190.0250 OK RX 55 AA 03 07 00 05 6A 04 00 01 01 7E
190.1210 OK RX 55 AA 03 07 00 05 6B 04 00 01 00 7E
190.5840 OK RX 55 AA 03 07 00 05 0A 01 00 01 00 1A
190.5980 OK RX 55 AA 03 07 00 05 65 04 00 01 01 79
190.6100 OK RX 55 AA 03 07 00 05 66 04 00 01 00 79
190.6220 OK RX 55 AA 03 07 00 05 67 01 00 01 00 77
190.6360 OK RX 55 AA 03 07 00 05 68 01 00 01 00 78
190.6480 OK RX 55 AA 03 07 00 05 69 04 00 01 00 7C
190.6600 OK RX 55 AA 03 07 00 05 6A 04 00 01 00 7D
190.6730 OK RX 55 AA 03 07 00 05 6B 04 00 01 00 7E
190.6860 OK RX 55 AA 03 07 00 05 6C 04 00 01 00 7F
190.6980 OK RX 55 AA 03 07 00 08 6D 02 00 04 00 00 00 2E B2
191.0940 OK RX 55 AA 03 07 00 05 65 04 00 01 01 79
191.1090 OK RX 55 AA 03 07 00 05 0A 01 00 01 01 1B
191.1210 OK RX 55 AA 03 07 00 05 65 04 00 01 01 79
191.1330 OK RX 55 AA 03 07 00 05 66 04 00 01 00 79
191.1470 OK RX 55 AA 03 07 00 05 67 01 00 01 00 77
191.1590 OK RX 55 AA 03 07 00 05 68 01 00 01 00 78
191.1710 OK RX 55 AA 03 07 00 05 69 04 00 01 00 7C
191.1840 OK RX 55 AA 03 07 00 05 6A 04 00 01 01 7E
191.1970 OK RX 55 AA 03 07 00 05 6B 04 00 01 00 7E
191.2920 OK RX 55 AA 03 07 00 05 6C 04 00 01 00 7F
191.6520 INVALID TX 55 AA 03 07 00 05 0A 01 00 01 00 55
191.6640 OK RX 55 AA 03 07 00 05 66 04 00 01 00 79
191.6890 OK RX 55 AA 03 07 00 05 67 01 00 01 00 77
191.7030 OK RX 55 AA 03 07 00 05 68 01 00 01 00 78
191.7150 OK RX 55 AA 03 07 00 05 69 04 00 01 00 7C
191.7270 OK RX 55 AA 03 07 00 05 6A 04 00 01 00 7D
191.7400 OK RX 55 AA 03 07 00 05 6B 04 00 01 00 7E
191.7530 OK RX 55 AA 03 07 00 05 6C 04 00 01 00 7F
191.7650 OK RX 55 AA 03 07 00 08 6D 02 00 04 00 00 00 2E B2
191.7810 OK RX 55 AA 03 00 00 01 01 04
192.0830 OK RX 55 AA 03 07 00 05 0A 01 00 01 01 1B
192.0970 OK RX 55 AA 03 07 00 05 65 04 00 01 01 79
192.1090 OK RX 55 AA 03 07 00 05 66 04 00 01 00 79
192.1210 OK RX 55 AA 03 07 00 05 67 01 00 01 00 77
192.1350 OK RX 55 AA 03 07 00 05 68 01 00 01 00 78
192.1470 OK RX 55 AA 03 07 00 05 69 04 00 01 00 7C
192.1590 OK RX 55 AA 03 07 00 05 6A 04 00 01 01 7E
192.1730 OK RX 55 AA 03 07 00 05 6B 04 00 01 00 7E
192.1850 OK RX 55 AA 03 07 00 05 6C 04 00 01 00 7F
192.2800 OK RX 55 AA 03 07 00 08 6D 02 00 04 00 00 00 2E B2
192.5790 OK RX 55 AA 03 07 00 05 0A 01 00 01 00 1A
192.5910 OK RX 55 AA 03 07 00 05 65 04 00 01 01 79
192.6040 OK RX 55 AA 03 07 00 05 66 04 00 01 00 79
192.6170 OK RX 55 AA 03 07 00 05 67 01 00 01 00 77
192.6290 OK RX 55 AA 03 07 00 05 68 01 00 01 00 78
192.6420 OK RX 55 AA 03 07 00 05 69 04 00 01 00 7C
192.6550 OK RX 55 AA 03 07 00 05 6A 04 00 01 00 7D
192.6670 OK RX 55 AA 03 07 00 05 6B 04 00 01 00 7E
192.6790 OK RX 55 AA 03 07 00 05 6C 04 00 01 00 7F
192.6920 OK RX 55 AA 03 07 00 08 6D 02 00 04 00 00 00 2E B2
193.0220 OK RX 55 AA 03 07 00 05 0A 01 00 01 01 1B
193.0350 OK RX 55 AA 03 07 00 05 65 04 00 01 01 79
193.0480 OK RX 55 AA 03 07 00 05 66 04 00 01 00 79
193.0600 OK RX 55 AA 03 07 00 05 67 01 00 01 00 77
193.0730 OK RX 55 AA 03 07 00 05 68 01 00 01 00 78
193.0860 OK RX 55 AA 03 07 00 05 69 04 00 01 00 7C
193.0980 OK RX 55 AA 03 07 00 05 6A 04 00 01 01 7E
193.1110 OK RX 55 AA 03 07 00 05 6B 04 00 01 00 7E
193.1240 OK RX 55 AA 03 07 00 05 6C 04 00 01 00 7F
193.2200 OK RX 55 AA 03 07 00 08 6D 02 00 04 00 00 00 2E B2
193.4570 OK RX 55 AA 03 07 00 05 0A 01 00 01 00 1A
193.4700 OK RX 55 AA 03 07 00 05 65 04 00 01 01 79
193.4820 OK RX 55 AA 03 07 00 05 66 04 00 01 00 79
193.4950 OK RX 55 AA 03 07 00 05 67 01 00 01 00 77
193.5080 OK RX 55 AA 03 07 00 05 68 01 00 01 00 78
193.5200 OK RX 55 AA 03 07 00 05 69 04 00 01 00 7C
193.5320 OK RX 55 AA 03 07 00 05 6A 04 00 01 00 7D
193.5460 OK RX 55 AA 03 07 00 05 6B 04 00 01 00 7E
193.5580 OK RX 55 AA 03 07 00 05 6C 04 00 01 00 7F
193.5700 OK RX 55 AA 03 07 00 08 6D 02 00 04 00 00 00 2E B2
193.8710 OK RX 55 AA 03 07 00 05 0A 01 00 01 01 1B
193.8840 OK RX 55 AA 03 07 00 05 65 04 00 01 01 79
193.8960 OK RX 55 AA 03 07 00 05 66 04 00 01 00 79
193.9090 OK RX 55 AA 03 07 00 05 67 01 00 01 00 77
193.9220 OK RX 55 AA 03 07 00 05 68 01 00 01 00 78
193.9340 OK RX 55 AA 03 07 00 05 69 04 00 01 00 7C
193.9460 OK RX 55 AA 03 07 00 05 6A 04 00 01 01 7E
193.9590 OK RX 55 AA 03 07 00 05 6B 04 00 01 00 7E
193.9720 OK RX 55 AA 03 07 00 05 6C 04 00 01 00 7F
194.0680 OK RX 55 AA 03 07 00 08 6D 02 00 04 00 00 00 2E B2
194.1920 OK RX 55 AA 03 07 00 05 65 04 00 01 01 79
194.3160 OK RX 55 AA 03 07 00 05 0A 01 00 01 00 1A
194.3280 OK RX 55 AA 03 07 00 05 65 04 00 01 01 79
194.3410 OK RX 55 AA 03 07 00 05 66 04 00 01 00 79
194.3540 OK RX 55 AA 03 07 00 05 67 01 00 01 00 77
194.3660 OK RX 55 AA 03 07 00 05 68 01 00 01 00 78
194.3790 OK RX 55 AA 03 07 00 05 69 04 00 01 00 7C
194.3920 OK RX 55 AA 03 07 00 05 6A 04 00 01 00 7D
194.4040 OK RX 55 AA 03 07 00 05 6B 04 00 01 00 7E
194.4170 OK RX 55 AA 03 07 00 05 6C 04 00 01 00 7F
194.4290 OK RX 55 AA 03 07 00 08 6D 02 00 04 00 00 00 2E B2
194.7190 OK RX 55 AA 03 07 00 05 0A 01 00 01 01 1B
194.7330 OK RX 55 AA 03 07 00 05 65 04 00 01 01 79
194.7450 OK RX 55 AA 03 07 00 05 66 04 00 01 00 79
194.7570 OK RX 55 AA 03 07 00 05 67 01 00 01 00 77
194.7700 OK RX 55 AA 03 07 00 05 68 01 00 01 00 78
194.7830 OK RX 55 AA 03 07 00 05 69 04 00 01 00 7C
194.7950 OK RX 55 AA 03 07 00 05 6A 04 00 01 01 7E
194.8080 OK RX 55 AA 03 07 00 05 6B 04 00 01 00 7E
194.9050 OK RX 55 AA 03 07 00 05 6C 04 00 01 00 7F
195.2130 OK RX 55 AA 03 07 00 05 0A 01 00 01 00 1A
195.2260 OK RX 55 AA 03 07 00 05 65 04 00 01 01 79
195.2380 OK RX 55 AA 03 07 00 05 66 04 00 01 00 79
195.2510 OK RX 55 AA 03 07 00 05 67 01 00 01 00 77
195.2640 OK RX 55 AA 03 07 00 05 68 01 00 01 00 78
195.2760 OK RX 55 AA 03 07 00 05 69 04 00 01 00 7C
195.2890 OK RX 55 AA 03 07 00 05 6A 04 00 01 00 7D
195.3020 OK RX 55 AA 03 07 00 05 6B 04 00 01 00 7E
195.3140 OK RX 55 AA 03 07 00 05 6C 04 00 01 00 7F
195.3260 OK RX 55 AA 03 07 00 08 6D 02 00 04 00 00 00 2E B2
195.6180 OK RX 55 AA 03 07 00 05 0A 01 00 01 01 1B
195.6310 OK RX 55 AA 03 07 00 05 65 04 00 01 01 79
195.6440 OK RX 55 AA 03 07 00 05 66 04 00 01 00 79
195.6560 OK RX 55 AA 03 07 00 05 67 01 00 01 00 77
195.6680 OK RX 55 AA 03 07 00 05 68 01 00 01 00 78
195.6810 OK RX 55 AA 03 07 00 05 69 04 00 01 00 7C
195.6940 OK RX 55 AA 03 07 00 05 6A 04 00 01 01 7E
195.7060 OK RX 55 AA 03 07 00 05 6B 04 00 01 00 7E
195.7190 OK RX 55 AA 03 07 00 05 6C 04 00 01 00 7F
195.8150 OK RX 55 AA 03 07 00 08 6D 02 00 04 00 00 00 2E B2
196.0160 OK RX 55 AA 03 07 00 05 0A 01 00 01 00 1A
196.0280 OK RX 55 AA 03 07 00 05 65 04 00 01 01 79
196.0410 OK RX 55 AA 03 07 00 05 66 04 00 01 00 79
196.0540 OK RX 55 AA 03 07 00 05 67 01 00 01 00 77
196.0660 OK RX 55 AA 03 07 00 05 68 01 00 01 00 78
196.0780 OK RX 55 AA 03 07 00 05 69 04 00 01 00 7C
196.0910 OK RX 55 AA 03 07 00 05 6A 04 00 01 00 7D
196.1040 OK RX 55 AA 03 07 00 05 6B 04 00 01 00 7E
196.1160 OK RX 55 AA 03 07 00 05 6C 04 00 01 00 7F
196.1290 OK RX 55 AA 03 07 00 08 6D 02 00 04 00 00 00 2E B2
196.4200 OK RX 55 AA 03 07 00 05 0A 01 00 01 01 1B
196.4320 OK RX 55 AA 03 07 00 05 65 04 00 01 01 79
196.4450 OK RX 55 AA 03 07 00 05 66 04 00 01 00 79
196.4580 OK RX 55 AA 03 07 00 05 67 01 00 01 00 77
196.4700 OK RX 55 AA 03 07 00 05 68 01 00 01 00 78
196.4830 OK RX 55 AA 03 07 00 05 69 04 00 01 00 7C
196.4950 OK RX 55 AA 03 07 00 05 6A 04 00 01 01 7E
196.5080 OK RX 55 AA 03 07 00 05 6B 04 00 01 00 7E
196.5200 OK RX 55 AA 03 07 00 05 6C 04 00 01 00 7F
196.6170 OK RX 55 AA 03 07 00 08 6D 02 00 04 00 00 00 2E B2
196.6750 OK RX 55 AA 03 07 00 05 6A 04 00 01 01 7E
196.8440 OK RX 55 AA 03 07 00 05 0A 01 00 01 00 1A
196.8560 OK RX 55 AA 03 07 00 05 65 04 00 01 01 79
196.8690 OK RX 55 AA 03 07 00 05 66 04 00 01 00 79
196.8820 OK RX 55 AA 03 07 00 05 67 01 00 01 00 77
196.8940 OK RX 55 AA 03 07 00 05 68 01 00 01 00 78
196.9070 OK RX 55 AA 03 07 00 05 69 04 00 01 00 7C
196.9200 OK RX 55 AA 03 07 00 05 6A 04 00 01 00 7D
196.9320 OK RX 55 AA 03 07 00 05 6B 04 00 01 00 7E
196.9440 OK RX 55 AA 03 07 00 05 6C 04 00 01 00 7F
196.9580 OK RX 55 AA 03 07 00 08 6D 02 00 04 00 00 00 2E B2
197.3070 OK RX 55 AA 03 07 00 05 65 04 00 01 01 79
197.3210 OK RX 55 AA 03 07 00 05 0A 01 00 01 01 1B
197.3340 OK RX 55 AA 03 07 00 05 65 04 00 01 01 79
197.3460 OK RX 55 AA 03 07 00 05 66 04 00 01 00 79
197.3590 OK RX 55 AA 03 07 00 05 67 01 00 01 00 77
197.3710 OK RX 55 AA 03 07 00 05 68 01 00 01 00 78
197.3840 OK RX 55 AA 03 07 00 05 69 04 00 01 00 7C
197.3960 OK RX 55 AA 03 07 00 05 6A 04 00 01 01 7E
197.4930 OK RX 55 AA 03 07 00 05 6B 04 00 01 00 7E
197.6710 OK RX 55 AA 03 07 00 05 6A 04 00 01 01 7E
198.6700 OK RX 55 AA 03 07 00 05 6A 04 00 01 01 7E
198.8120 OK RX 55 AA 03 07 00 05 0A 01 00 01 00 1A
198.8240 OK RX 55 AA 03 07 00 05 65 04 00 01 01 79
198.8370 OK RX 55 AA 03 07 00 05 66 04 00 01 00 79
198.8500 OK RX 55 AA 03 07 00 05 67 01 00 01 00 77
198.8620 OK RX 55 AA 03 07 00 05 68 01 00 01 00 78
198.8750 OK RX 55 AA 03 07 00 05 69 04 00 01 00 7C
198.8880 OK RX 55 AA 03 07 00 05 6A 04 00 01 00 7D
198.9000 OK RX 55 AA 03 07 00 05 6B 04 00 01 00 7E
198.9130 OK RX 55 AA 03 07 00 05 6C 04 00 01 00 7F
198.9260 OK RX 55 AA 03 07 00 08 6D 02 00 04 00 00 00 2E B2
199.7600 OK RX 55 AA 03 07 00 05 65 04 00 01 01 79
201.8840 OK RX 55 AA 03 07 00 05 65 04 00 01 01 79
203.9990 OK RX 55 AA 03 07 00 05 65 04 00 01 01 79
206.1160 OK RX 55 AA 03 07 00 05 65 04 00 01 01 79
206.6800 OK TX 55 AA 00 00 00 00 FF
206.6880 OK RX 55 AA 03 00 00 01 01 04
208.2420 OK RX 55 AA 03 07 00 05 65 04 00 01 01 79