47->48
0.3630 OK RX 55 AA 03 07 00 05 65 04 00 01 01 79
0.8700 OK RX 55 AA 03 07 00 05 6A 04 00 01 00 7D
1.5020 OK RX 55 AA 03 07 00 08 6D 02 00 04 00 00 00 2F B3
1.8720 OK RX 55 AA 03 07 00 05 6A 04 00 01 00 7D
2.6150 OK RX 55 AA 03 07 00 05 65 04 00 01 01 79
2.8720 OK RX 55 AA 03 07 00 05 6A 04 00 01 00 7D
3.8700 OK RX 55 AA 03 07 00 05 6A 04 00 01 00 7D
4.0210 OK RX 55 AA 03 07 00 05 68 01 00 01 01 79
4.0330 OK RX 55 AA 03 07 00 05 67 01 00 01 00 77
4.0460 OK RX 55 AA 03 07 00 05 69 04 00 01 00 7C
4.0590 OK RX 55 AA 03 07 00 05 6A 04 00 01 02 7F
4.3800 OK RX 55 AA 03 07 00 05 68 01 00 01 00 78
4.3920 OK RX 55 AA 03 07 00 05 67 01 00 01 00 77
4.4050 OK RX 55 AA 03 07 00 05 69 04 00 01 00 7C
4.4180 OK RX 55 AA 03 07 00 05 6A 04 00 01 02 7F
4.7280 OK RX 55 AA 03 07 00 05 68 01 00 01 01 79
4.7420 OK RX 55 AA 03 07 00 05 67 01 00 01 00 77
4.7540 OK RX 55 AA 03 07 00 05 69 04 00 01 00 7C
4.7660 OK RX 55 AA 03 07 00 05 6A 04 00 01 02 7F
4.8690 OK RX 55 AA 03 07 00 05 6A 04 00 01 02 7F
5.0450 OK RX 55 AA 03 07 00 05 65 04 00 01 01 79
5.0880 OK RX 55 AA 03 07 00 05 68 01 00 01 00 78
5.1000 OK RX 55 AA 03 07 00 05 67 01 00 01 00 77
5.1120 OK RX 55 AA 03 07 00 05 69 04 00 01 00 7C
5.1260 OK RX 55 AA 03 07 00 05 6A 04 00 01 02 7F
5.5060 OK RX 55 AA 03 07 00 05 68 01 00 01 01 79
5.5190 OK RX 55 AA 03 07 00 05 67 01 00 01 00 77
5.5310 OK RX 55 AA 03 07 00 05 69 04 00 01 00 7C
5.5430 OK RX 55 AA 03 07 00 05 6A 04 00 01 02 7F
5.8680 OK RX 55 AA 03 07 00 05 6A 04 00 01 02 7F
5.9250 OK RX 55 AA 03 07 00 05 68 01 00 01 00 78
5.9380 OK RX 55 AA 03 07 00 05 67 01 00 01 00 77
5.9500 OK RX 55 AA 03 07 00 05 69 04 00 01 00 7C
5.9630 OK RX 55 AA 03 07 00 05 6A 04 00 01 02 7F
6.3430 OK RX 55 AA 03 07 00 05 68 01 00 01 01 79
6.3560 OK RX 55 AA 03 07 00 05 67 01 00 01 00 77
6.3690 OK RX 55 AA 03 07 00 05 69 04 00 01 00 7C
6.3810 OK RX 55 AA 03 07 00 05 6A 04 00 01 02 7F
6.7330 OK RX 55 AA 03 07 00 05 68 01 00 01 00 78
6.7460 OK RX 55 AA 03 07 00 05 67 01 00 01 00 77
6.8380 OK RX 55 AA 03 07 00 05 69 04 00 01 00 7C
6.8650 OK RX 55 AA 03 07 00 05 6A 04 00 01 02 7F
6.8870 OK TX 55 AA 00 00 00 00 FF
6.8950 OK RX 55 AA 03 00 00 01 01 04
7.1510 OK RX 55 AA 03 07 00 05 68 01 00 01 01 79
7.1630 OK RX 55 AA 03 07 00 05 67 01 00 01 00 77
7.1770 OK RX 55 AA 03 07 00 05 69 04 00 01 00 7C
7.1890 OK RX 55 AA 03 07 00 05 6A 04 00 01 02 7F
7.5800 OK RX 55 AA 03 07 00 05 68 01 00 01 00 78
7.5920 OK RX 55 AA 03 07 00 05 67 01 00 01 00 77
7.6050 OK RX 55 AA 03 07 00 05 69 04 00 01 00 7C
7.6180 OK RX 55 AA 03 07 00 05 6A 04 00 01 02 7F
7.6730 OK RX 55 AA 03 07 00 05 65 04 00 01 01 79
7.8650 OK RX 55 AA 03 07 00 05 6A 04 00 01 02 7F
7.9790 OK RX 55 AA 03 07 00 05 68 01 00 01 01 79
7.9920 OK RX 55 AA 03 07 00 05 67 01 00 01 00 77
8.0040 OK RX 55 AA 03 07 00 05 69 04 00 01 00 7C
8.0160 OK RX 55 AA 03 07 00 05 6A 04 00 01 02 7F
8.3780 OK RX 55 AA 03 07 00 05 68 01 00 01 00 78
8.3900 OK RX 55 AA 03 07 00 05 67 01 00 01 00 77
8.4790 OK RX 55 AA 03 07 00 05 69 04 00 01 00 7C
8.8260 OK RX 55 AA 03 07 00 05 68 01 00 01 01 79
8.8390 OK RX 55 AA 03 07 00 05 67 01 00 01 00 77
8.8510 OK RX 55 AA 03 07 00 05 69 04 00 01 00 7C
8.8640 OK RX 55 AA 03 07 00 05 6A 04 00 01 02 7F
8.8770 OK RX 55 AA 03 07 00 05 6A 04 00 01 02 7F
9.2360 OK RX 55 AA 03 07 00 05 68 01 00 01 00 78
9.2480 OK RX 55 AA 03 07 00 05 67 01 00 01 00 77
9.2610 OK RX 55 AA 03 07 00 05 69 04 00 01 00 7C
9.2740 OK RX 55 AA 03 07 00 05 6A 04 00 01 02 7F
9.6140 OK RX 55 AA 03 07 00 05 68 01 00 01 01 79
9.6270 OK RX 55 AA 03 07 00 05 67 01 00 01 00 77
9.6390 OK RX 55 AA 03 07 00 05 69 04 00 01 00 7C
9.6520 OK RX 55 AA 03 07 00 05 6A 04 00 01 02 7F
9.8640 OK RX 55 AA 03 07 00 05 6A 04 00 01 02 7F
10.0840 OK RX 55 AA 03 07 00 05 68 01 00 01 00 78
10.0960 OK RX 55 AA 03 07 00 05 67 01 00 01 00 77
10.1080 OK RX 55 AA 03 07 00 05 69 04 00 01 00 7C
10.1220 OK RX 55 AA 03 07 00 05 6A 04 00 01 02 7F
10.2540 OK RX 55 AA 03 07 00 05 65 04 00 01 01 79
10.7710 OK RX 55 AA 03 07 00 05 68 01 00 01 01 79
10.7830 OK RX 55 AA 03 07 00 05 67 01 00 01 00 77
10.7970 OK RX 55 AA 03 07 00 05 69 04 00 01 00 7C
10.8090 OK RX 55 AA 03 07 00 05 6A 04 00 01 02 7F
10.8610 OK RX 55 AA 03 07 00 05 6A 04 00 01 02 7F
11.3500 OK RX 55 AA 03 07 00 05 68 01 00 01 00 78
11.3630 OK RX 55 AA 03 07 00 05 67 01 00 01 00 77
11.3750 OK RX 55 AA 03 07 00 05 69 04 00 01 00 7C
11.3870 OK RX 55 AA 03 07 00 05 6A 04 00 01 02 7F
11.8290 OK RX 55 AA 03 07 00 05 68 01 00 01 01 79
11.8410 OK RX 55 AA 03 07 00 05 67 01 00 01 00 77
11.8530 OK RX 55 AA 03 07 00 05 69 04 00 01 00 7C
11.8670 OK RX 55 AA 03 07 00 05 6A 04 00 01 02 7F
11.8790 OK RX 55 AA 03 07 00 05 6A 04 00 01 02 7F
12.1870 OK RX 55 AA 03 07 00 05 68 01 00 01 00 78
12.2000 OK RX 55 AA 03 07 00 05 67 01 00 01 00 77
12.2130 OK RX 55 AA 03 07 00 05 69 04 00 01 00 7C
12.2250 OK RX 55 AA 03 07 00 05 6A 04 00 01 02 7F
12.6550 OK RX 55 AA 03 07 00 05 68 01 00 01 01 79
12.6680 OK RX 55 AA 03 07 00 05 67 01 00 01 00 77
12.7620 OK RX 55 AA 03 07 00 05 69 04 00 01 00 7C
12.7790 OK RX 55 AA 03 07 00 05 65 04 00 01 01 79
12.8580 OK RX 55 AA 03 07 00 05 6A 04 00 01 02 7F
13.0940 OK RX 55 AA 03 07 00 05 68 01 00 01 00 78
13.1070 OK RX 55 AA 03 07 00 05 67 01 00 01 00 77
13.1200 OK RX 55 AA 03 07 00 05 69 04 00 01 00 7C
13.1320 OK RX 55 AA 03 07 00 05 6A 04 00 01 02 7F
13.4930 OK RX 55 AA 03 07 00 05 68 01 00 01 01 79
13.5060 OK RX 55 AA 03 07 00 05 67 01 00 01 00 77
13.5180 OK RX 55 AA 03 07 00 05 69 04 00 01 00 7C
13.5310 OK RX 55 AA 03 07 00 05 6A 04 00 01 02 7F
13.8560 OK RX 55 AA 03 07 00 05 6A 04 00 01 02 7F
13.9130 OK RX 55 AA 03 07 00 05 68 01 00 01 00 78
13.9250 OK RX 55 AA 03 07 00 05 67 01 00 01 00 77
13.9380 OK RX 55 AA 03 07 00 05 69 04 00 01 00 7C
13.9500 OK RX 55 AA 03 07 00 05 6A 04 00 01 02 7F
14.8550 OK RX 55 AA 03 07 00 05 6A 04 00 01 02 7F
15.2040 OK RX 55 AA 03 07 00 05 65 04 00 01 01 79
15.8540 OK RX 55 AA 03 07 00 05 6A 04 00 01 02 7F
16.8550 OK RX 55 AA 03 07 00 05 6A 04 00 01 02 7F
17.4360 OK RX 55 AA 03 07 00 05 65 04 00 01 01 79
17.8510 OK RX 55 AA 03 07 00 05 6A 04 00 01 02 7F
18.8490 OK RX 55 AA 03 07 00 05 6A 04 00 01 02 7F
18.8850 OK RX 55 AA 03 07 00 08 6D 02 00 04 00 00 00 2F B3
19.7020 OK RX 55 AA 03 07 00 05 65 04 00 01 01 79
19.8520 OK RX 55 AA 03 07 00 05 6A 04 00 01 02 7F
20.8510 OK RX 55 AA 03 07 00 05 6A 04 00 01 02 7F
21.8500 OK RX 55 AA 03 07 00 05 6A 04 00 01 02 7F
21.9030 OK TX 55 AA 00 00 00 00 FF
21.9110 OK RX 55 AA 03 00 00 01 01 04
21.9530 OK RX 55 AA 03 07 00 05 65 04 00 01 01 79
22.8480 OK RX 55 AA 03 07 00 05 6A 04 00 01 02 7F
23.8480 OK RX 55 AA 03 07 00 05 6A 04 00 01 02 7F
23.8820 OK RX 55 AA 03 07 00 08 6D 02 00 04 00 00 00 2F B3
24.2170 OK RX 55 AA 03 07 00 05 65 04 00 01 01 79
24.8490 OK RX 55 AA 03 07 00 05 6A 04 00 01 02 7F
25.8470 OK RX 55 AA 03 07 00 05 6A 04 00 01 02 7F
26.4660 OK RX 55 AA 03 07 00 05 65 04 00 01 01 79
26.8470 OK RX 55 AA 03 07 00 05 6A 04 00 01 02 7F
27.8450 OK RX 55 AA 03 07 00 05 6A 04 00 01 02 7F
28.7080 OK RX 55 AA 03 07 00 05 65 04 00 01 01 79
28.8440 OK RX 55 AA 03 07 00 05 6A 04 00 01 02 7F
28.8790 OK RX 55 AA 03 07 00 08 6D 02 00 04 00 00 00 30 B4
29.8460 OK RX 55 AA 03 07 00 05 6A 04 00 01 02 7F
30.1080 OK RX 55 AA 03 07 00 05 68 01 00 01 01 79
30.1200 OK RX 55 AA 03 07 00 05 67 01 00 01 00 77
30.1340 OK RX 55 AA 03 07 00 05 69 04 00 01 00 7C
30.1460 OK RX 55 AA 03 07 00 05 6A 04 00 01 02 7F
30.5360 OK RX 55 AA 03 07 00 05 68 01 00 01 00 78
30.5500 OK RX 55 AA 03 07 00 05 67 01 00 01 00 77
30.5620 OK RX 55 AA 03 07 00 05 69 04 00 01 00 7C
30.5740 OK RX 55 AA 03 07 00 05 6A 04 00 01 02 7F
30.8450 OK RX 55 AA 03 07 00 05 6A 04 00 01 02 7F
31.0550 OK RX 55 AA 03 07 00 05 68 01 00 01 01 79
31.0680 OK RX 55 AA 03 07 00 05 67 01 00 01 00 77
31.0800 OK RX 55 AA 03 07 00 05 69 04 00 01 00 7C
31.0930 OK RX 55 AA 03 07 00 05 6A 04 00 01 02 7F
31.1580 OK RX 55 AA 03 07 00 05 65 04 00 01 01 79
31.4830 OK RX 55 AA 03 07 00 05 68 01 00 01 00 78
31.4970 OK RX 55 AA 03 07 00 05 67 01 00 01 00 77
31.5900 OK RX 55 AA 03 07 00 05 69 04 00 01 00 7C
31.8440 OK RX 55 AA 03 07 00 05 6A 04 00 01 02 7F
31.8930 OK RX 55 AA 03 07 00 05 68 01 00 01 01 79
31.9050 OK RX 55 AA 03 07 00 05 67 01 00 01 00 77
31.9180 OK RX 55 AA 03 07 00 05 69 04 00 01 00 7C
31.9310 OK RX 55 AA 03 07 00 05 6A 04 00 01 02 7F
32.3020 OK RX 55 AA 03 07 00 05 68 01 00 01 00 78
32.3150 OK RX 55 AA 03 07 00 05 67 01 00 01 00 77
32.3270 OK RX 55 AA 03 07 00 05 69 04 00 01 00 7C
32.3390 OK RX 55 AA 03 07 00 05 6A 04 00 01 02 7F
32.7110 OK RX 55 AA 03 07 00 05 68 01 00 01 01 79
32.7230 OK RX 55 AA 03 07 00 05 67 01 00 01 00 77
32.7370 OK RX 55 AA 03 07 00 05 69 04 00 01 00 7C
32.7490 OK RX 55 AA 03 07 00 05 6A 04 00 01 02 7F
32.8420 OK RX 55 AA 03 07 00 05 6A 04 00 01 02 7F
33.1490 OK RX 55 AA 03 07 00 05 68 01 00 01 00 78
33.1630 OK RX 55 AA 03 07 00 05 67 01 00 01 00 77
33.1750 OK RX 55 AA 03 07 00 05 69 04 00 01 00 7C
33.1870 OK RX 55 AA 03 07 00 05 6A 04 00 01 02 7F
33.6620 OK RX 55 AA 03 07 00 05 65 04 00 01 01 79
33.8410 OK RX 55 AA 03 07 00 05 6A 04 00 01 02 7F
34.8400 OK RX 55 AA 03 07 00 05 6A 04 00 01 02 7F
34.8530 OK RX 55 AA 03 07 00 05 68 01 00 01 01 79
34.8660 OK RX 55 AA 03 07 00 05 67 01 00 01 00 77
34.8780 OK RX 55 AA 03 07 00 05 69 04 00 01 00 7C
34.8910 OK RX 55 AA 03 07 00 05 6A 04 00 01 02 7F
35.8380 OK RX 55 AA 03 07 00 05 6A 04 00 01 02 7F
35.9700 OK RX 55 AA 03 07 00 05 65 04 00 01 01 79
36.8370 OK RX 55 AA 03 07 00 05 6A 04 00 01 02 7F
36.9210 OK TX 55 AA 00 00 00 00 FF
36.9290 OK RX 55 AA 03 00 00 01 01 04
37.8360 OK RX 55 AA 03 07 00 05 6A 04 00 01 02 7F
38.2160 OK RX 55 AA 03 07 00 05 65 04 00 01 01 79
38.8350 OK RX 55 AA 03 07 00 05 6A 04 00 01 02 7F
39.7710 OK RX 55 AA 03 07 00 08 6D 02 00 04 00 00 00 30 B4
39.8370 OK RX 55 AA 03 07 00 05 6A 04 00 01 02 7F
40.4870 OK RX 55 AA 03 07 00 05 65 04 00 01 01 79
40.8360 OK RX 55 AA 03 07 00 05 6A 04 00 01 02 7F
41.8340 OK RX 55 AA 03 07 00 05 6A 04 00 01 02 7F
42.7190 OK RX 55 AA 03 07 00 05 65 04 00 01 01 79