0.4500 OK RX 55 AA 03 07 00 05 65 04 00 01 01 79
0.6350 OK RX 55 AA 03 07 00 05 6A 04 00 01 02 7F
1.6360 OK RX 55 AA 03 07 00 05 6A 04 00 01 02 7F
1.8530 OK TX 55 AA 00 00 00 00 FF
1.8600 OK RX 55 AA 03 00 00 01 01 04
2.0560 OK RX 55 AA 03 07 00 05 69 04 00 01 01 7D
2.0680 OK RX 55 AA 03 07 00 05 68 01 00 01 00 78
2.4440 OK RX 55 AA 03 07 00 05 69 04 00 01 02 7E
2.4560 OK RX 55 AA 03 07 00 05 68 01 00 01 00 78
2.6330 OK RX 55 AA 03 07 00 05 6A 04 00 01 02 7F
2.7590 OK RX 55 AA 03 07 00 05 65 04 00 01 01 79
2.9040 OK RX 55 AA 03 07 00 05 69 04 00 01 03 7F
2.9160 OK RX 55 AA 03 07 00 05 68 01 00 01 00 78
3.3420 OK RX 55 AA 03 07 00 05 69 04 00 01 04 80
3.3550 OK RX 55 AA 03 07 00 05 68 01 00 01 00 78
3.6320 OK RX 55 AA 03 07 00 05 6A 04 00 01 02 7F
3.7810 OK RX 55 AA 03 07 00 05 69 04 00 01 05 81
3.7930 OK RX 55 AA 03 07 00 05 68 01 00 01 00 78
4.2090 OK RX 55 AA 03 07 00 05 69 04 00 01 06 82
4.2220 OK RX 55 AA 03 07 00 05 68 01 00 01 00 78
4.6300 OK RX 55 AA 03 07 00 05 6A 04 00 01 02 7F
4.6680 OK RX 55 AA 03 07 00 05 69 04 00 01 07 83
4.6800 OK RX 55 AA 03 07 00 05 68 01 00 01 00 78
5.1160 OK RX 55 AA 03 07 00 05 69 04 00 01 08 84
5.1290 OK RX 55 AA 03 07 00 05 68 01 00 01 00 78
5.1580 OK RX 55 AA 03 07 00 05 65 04 00 01 01 79
5.5160 OK RX 55 AA 03 07 00 05 69 04 00 01 00 7C
5.5280 OK RX 55 AA 03 07 00 05 68 01 00 01 00 78
5.6290 OK RX 55 AA 03 07 00 05 6A 04 00 01 02 7F
5.9770 OK RX 55 AA 03 07 00 05 69 04 00 01 01 7D
5.9890 OK RX 55 AA 03 07 00 05 68 01 00 01 00 78
6.4230 OK RX 55 AA 03 07 00 05 69 04 00 01 02 7E
6.4350 OK RX 55 AA 03 07 00 05 68 01 00 01 00 78
6.6280 OK RX 55 AA 03 07 00 05 6A 04 00 01 02 7F
6.8730 OK RX 55 AA 03 07 00 05 69 04 00 01 03 7F
6.8850 OK RX 55 AA 03 07 00 05 68 01 00 01 00 78
7.3610 OK RX 55 AA 03 07 00 05 69 04 00 01 04 80
7.3740 OK RX 55 AA 03 07 00 05 68 01 00 01 00 78
7.5480 OK RX 55 AA 03 07 00 05 65 04 00 01 01 79
7.6270 OK RX 55 AA 03 07 00 05 6A 04 00 01 02 7F
7.7800 OK RX 55 AA 03 07 00 05 69 04 00 01 05 81
7.7920 OK RX 55 AA 03 07 00 05 68 01 00 01 00 78
8.2500 OK RX 55 AA 03 07 00 05 69 04 00 01 06 82
8.2620 OK RX 55 AA 03 07 00 05 68 01 00 01 00 78
8.6280 OK RX 55 AA 03 07 00 05 6A 04 00 01 02 7F
8.7370 OK RX 55 AA 03 07 00 05 69 04 00 01 07 83
8.7500 OK RX 55 AA 03 07 00 05 68 01 00 01 00 78
9.2460 OK RX 55 AA 03 07 00 05 69 04 00 01 08 84
9.2600 OK RX 55 AA 03 07 00 05 68 01 00 01 00 78
9.6250 OK RX 55 AA 03 07 00 05 6A 04 00 01 02 7F
9.6650 OK RX 55 AA 03 07 00 05 69 04 00 01 00 7C
9.6770 OK RX 55 AA 03 07 00 05 68 01 00 01 00 78
9.9460 OK RX 55 AA 03 07 00 05 65 04 00 01 01 79
10.0630 OK RX 55 AA 03 07 00 05 69 04 00 01 01 7D
10.0760 OK RX 55 AA 03 07 00 05 68 01 00 01 00 78
10.4430 OK RX 55 AA 03 07 00 05 69 04 00 01 02 7E
10.4560 OK RX 55 AA 03 07 00 05 68 01 00 01 00 78
10.6240 OK RX 55 AA 03 07 00 05 6A 04 00 01 02 7F
10.9310 OK RX 55 AA 03 07 00 05 69 04 00 01 03 7F
10.9440 OK RX 55 AA 03 07 00 05 68 01 00 01 00 78
11.4010 OK RX 55 AA 03 07 00 05 69 04 00 01 04 80
11.4130 OK RX 55 AA 03 07 00 05 68 01 00 01 00 78
11.6220 OK RX 55 AA 03 07 00 05 6A 04 00 01 02 7F
11.9590 OK RX 55 AA 03 07 00 05 69 04 00 01 05 81
11.9720 OK RX 55 AA 03 07 00 05 68 01 00 01 00 78
12.3240 OK RX 55 AA 03 07 00 05 65 04 00 01 01 79
12.4070 OK RX 55 AA 03 07 00 05 69 04 00 01 06 82
12.4200 OK RX 55 AA 03 07 00 05 68 01 00 01 00 78
12.6210 OK RX 55 AA 03 07 00 05 6A 04 00 01 02 7F
12.8560 OK RX 55 AA 03 07 00 05 69 04 00 01 07 83
12.8690 OK RX 55 AA 03 07 00 05 68 01 00 01 00 78
13.2650 OK RX 55 AA 03 07 00 05 69 04 00 01 08 84
13.2780 OK RX 55 AA 03 07 00 05 68 01 00 01 00 78
13.6190 OK RX 55 AA 03 07 00 05 6A 04 00 01 02 7F
13.7050 OK RX 55 AA 03 07 00 05 69 04 00 01 00 7C
13.7170 OK RX 55 AA 03 07 00 05 68 01 00 01 00 78
14.1230 OK RX 55 AA 03 07 00 05 69 04 00 01 01 7D
14.1350 OK RX 55 AA 03 07 00 05 68 01 00 01 00 78
14.5620 OK RX 55 AA 03 07 00 05 69 04 00 01 02 7E
14.5740 OK RX 55 AA 03 07 00 05 68 01 00 01 00 78
14.6670 OK RX 55 AA 03 07 00 05 6A 04 00 01 02 7F
14.7370 OK RX 55 AA 03 07 00 05 65 04 00 01 01 79
14.9910 OK RX 55 AA 03 07 00 05 69 04 00 01 03 7F
15.0040 OK RX 55 AA 03 07 00 05 68 01 00 01 00 78
15.4200 OK RX 55 AA 03 07 00 05 69 04 00 01 04 80
15.4320 OK RX 55 AA 03 07 00 05 68 01 00 01 00 78
15.6190 OK RX 55 AA 03 07 00 05 6A 04 00 01 02 7F
15.8580 OK RX 55 AA 03 07 00 05 69 04 00 01 05 81
15.8700 OK RX 55 AA 03 07 00 05 68 01 00 01 00 78
16.3170 OK RX 55 AA 03 07 00 05 69 04 00 01 06 82
16.3290 OK RX 55 AA 03 07 00 05 68 01 00 01 00 78
16.6160 OK RX 55 AA 03 07 00 05 6A 04 00 01 02 7F
16.7060 OK RX 55 AA 03 07 00 05 69 04 00 01 07 83
16.7180 OK RX 55 AA 03 07 00 05 68 01 00 01 00 78
16.8690 OK TX 55 AA 00 00 00 00 FF
16.8770 OK RX 55 AA 03 00 00 01 01 04
17.1280 OK RX 55 AA 03 07 00 05 65 04 00 01 01 79
17.1550 OK RX 55 AA 03 07 00 05 69 04 00 01 08 84
17.1670 OK RX 55 AA 03 07 00 05 68 01 00 01 00 78
17.6140 OK RX 55 AA 03 07 00 05 6A 04 00 01 02 7F