auto required
0.7000 OK RX 55 AA 03 07 00 05 6A 04 00 01 00 7D
1.2650 OK RX 55 AA 03 07 00 08 6D 02 00 04 00 00 00 30 B4
1.7020 OK RX 55 AA 03 07 00 05 6A 04 00 01 00 7D
2.1900 OK RX 55 AA 03 07 00 05 65 04 00 01 01 79
2.7030 OK RX 55 AA 03 07 00 05 6A 04 00 01 00 7D
3.4700 OK RX 55 AA 03 07 00 05 6A 04 00 01 01 7E
3.7000 OK RX 55 AA 03 07 00 05 6A 04 00 01 02 7F
3.7130 OK RX 55 AA 03 07 00 05 6A 04 00 01 02 7F
3.9700 OK RX 55 AA 03 07 00 05 6A 04 00 01 03 80
4.1880 OK RX 55 AA 03 07 00 05 6A 04 00 01 00 7D
4.4670 OK RX 55 AA 03 07 00 05 6A 04 00 01 01 7E
4.5040 OK RX 55 AA 03 07 00 05 65 04 00 01 01 79
4.6980 OK RX 55 AA 03 07 00 05 6A 04 00 01 02 7F
4.7100 OK RX 55 AA 03 07 00 05 6A 04 00 01 02 7F
4.9450 OK RX 55 AA 03 07 00 05 6A 04 00 01 03 80
5.1660 OK RX 55 AA 03 07 00 05 6A 04 00 01 00 7D
5.4350 OK RX 55 AA 03 07 00 05 6A 04 00 01 01 7E
5.6550 OK RX 55 AA 03 07 00 05 6A 04 00 01 02 7F
5.6970 OK RX 55 AA 03 07 00 05 6A 04 00 01 02 7F
5.8830 OK RX 55 AA 03 07 00 05 6A 04 00 01 03 80
6.0830 OK RX 55 AA 03 07 00 05 6A 04 00 01 00 7D
6.6420 OK RX 55 AA 03 07 00 05 6A 04 00 01 01 7E
6.6950 OK RX 55 AA 03 07 00 05 6A 04 00 01 01 7E
6.8710 OK RX 55 AA 03 07 00 05 65 04 00 01 01 79
6.8850 OK RX 55 AA 03 07 00 05 6A 04 00 01 02 7F
7.0800 OK RX 55 AA 03 07 00 05 6A 04 00 01 03 80
7.2900 OK RX 55 AA 03 07 00 05 6A 04 00 01 00 7D
7.5200 OK RX 55 AA 03 07 00 05 6A 04 00 01 01 7E
7.6950 OK RX 55 AA 03 07 00 05 6A 04 00 01 01 7E
7.9680 OK RX 55 AA 03 07 00 05 6A 04 00 01 02 7F
8.3570 OK RX 55 AA 03 07 00 05 6A 04 00 01 03 80
8.5960 OK RX 55 AA 03 07 00 05 6A 04 00 01 00 7D
8.6930 OK RX 55 AA 03 07 00 05 6A 04 00 01 00 7D
8.7750 OK RX 55 AA 03 07 00 05 6A 04 00 01 01 7E
9.2250 OK RX 55 AA 03 07 00 05 65 04 00 01 01 79
9.2380 OK RX 55 AA 03 07 00 05 6A 04 00 01 02 7F
9.6440 OK RX 55 AA 03 07 00 05 6A 04 00 01 03 80
9.6930 OK RX 55 AA 03 07 00 05 6A 04 00 01 03 80
10.0730 OK RX 55 AA 03 07 00 05 6A 04 00 01 00 7D
10.2250 OK TX 55 AA 00 00 00 00 FF
10.3100 OK RX 55 AA 03 00 00 01 01 04
10.3110 OK RX 55 AA 03 07 00 05 6A 04 00 01 02 7F
10.6910 OK RX 55 AA 03 07 00 05 6A 04 00 01 02 7F
10.7500 OK RX 55 AA 03 07 00 05 6A 04 00 01 03 80
10.9500 OK RX 55 AA 03 07 00 05 6A 04 00 01 00 7D
11.1790 OK RX 55 AA 03 07 00 05 6A 04 00 01 01 7E
11.3590 OK RX 55 AA 03 07 00 05 6A 04 00 01 02 7F
11.5580 OK RX 55 AA 03 07 00 05 6A 04 00 01 03 80
11.6200 OK RX 55 AA 03 07 00 05 65 04 00 01 01 79
11.6890 OK RX 55 AA 03 07 00 05 6A 04 00 01 03 80
11.7670 OK RX 55 AA 03 07 00 05 6A 04 00 01 00 7D
11.9480 OK RX 55 AA 03 07 00 05 6A 04 00 01 01 7E
12.1360 OK RX 55 AA 03 07 00 05 6A 04 00 01 02 7F
12.3360 OK RX 55 AA 03 07 00 05 6A 04 00 01 03 80
12.5160 OK RX 55 AA 03 07 00 05 6A 04 00 01 00 7D
12.6880 OK RX 55 AA 03 07 00 05 6A 04 00 01 00 7D
12.7050 OK RX 55 AA 03 07 00 05 6A 04 00 01 01 7E
13.4340 OK RX 55 AA 03 07 00 05 6A 04 00 01 02 7F
13.6870 OK RX 55 AA 03 07 00 05 6A 04 00 01 02 7F
13.7420 OK RX 55 AA 03 07 00 05 6A 04 00 01 03 80