hum 46
1.3280 OK RX 55 AA 03 07 00 05 65 04 00 01 01 79
3.2180 OK RX 55 AA 03 07 00 05 0A 01 00 01 01 1B
3.2310 OK RX 55 AA 03 07 00 05 65 04 00 01 01 79
3.2440 OK RX 55 AA 03 07 00 05 66 04 00 01 00 79
3.2560 OK RX 55 AA 03 07 00 05 67 01 00 01 00 77
3.2690 OK RX 55 AA 03 07 00 05 68 01 00 01 00 78
3.2810 OK RX 55 AA 03 07 00 05 69 04 00 01 00 7C
3.2940 OK RX 55 AA 03 07 00 05 6A 04 00 01 01 7E
3.3060 OK RX 55 AA 03 07 00 05 6B 04 00 01 00 7E
3.3190 OK RX 55 AA 03 07 00 05 6C 04 00 01 00 7F
3.3320 OK RX 55 AA 03 07 00 08 6D 02 00 04 00 00 00 2E B2
3.5740 OK RX 55 AA 03 07 00 05 65 04 00 01 01 79
3.6430 OK RX 55 AA 03 07 00 05 6A 04 00 01 01 7E
4.2810 OK RX 55 AA 03 07 00 05 0A 01 00 01 00 1A
4.2930 OK RX 55 AA 03 07 00 05 65 04 00 01 01 79
4.3050 OK RX 55 AA 03 07 00 05 66 04 00 01 00 79
4.3190 OK RX 55 AA 03 07 00 05 67 01 00 01 00 77
4.3310 OK RX 55 AA 03 07 00 05 68 01 00 01 00 78
4.3430 OK RX 55 AA 03 07 00 05 69 04 00 01 00 7C
4.3570 OK RX 55 AA 03 07 00 05 6A 04 00 01 00 7D
4.4490 OK RX 55 AA 03 07 00 05 6B 04 00 01 00 7E
4.7640 OK RX 55 AA 03 07 00 05 0A 01 00 01 01 1B
4.7770 OK RX 55 AA 03 07 00 05 65 04 00 01 01 79
4.7900 OK RX 55 AA 03 07 00 05 66 04 00 01 00 79
4.8020 OK RX 55 AA 03 07 00 05 67 01 00 01 00 77
4.8150 OK RX 55 AA 03 07 00 05 68 01 00 01 00 78
4.8280 OK RX 55 AA 03 07 00 05 69 04 00 01 00 7C
4.8400 OK RX 55 AA 03 07 00 05 6A 04 00 01 01 7E
4.8530 OK RX 55 AA 03 07 00 05 6B 04 00 01 00 7E
4.8660 OK RX 55 AA 03 07 00 05 6C 04 00 01 00 7F
4.8780 OK RX 55 AA 03 07 00 08 6D 02 00 04 00 00 00 2E B2
5.2390 OK RX 55 AA 03 07 00 05 0A 01 00 01 00 1A
5.2520 OK RX 55 AA 03 07 00 05 65 04 00 01 01 79
5.2650 OK RX 55 AA 03 07 00 05 66 04 00 01 00 79
5.2770 OK RX 55 AA 03 07 00 05 67 01 00 01 00 77
5.2890 OK RX 55 AA 03 07 00 05 68 01 00 01 00 78
5.3030 OK RX 55 AA 03 07 00 05 69 04 00 01 00 7C
5.3150 OK RX 55 AA 03 07 00 05 6A 04 00 01 00 7D
5.3270 OK RX 55 AA 03 07 00 05 6B 04 00 01 00 7E
5.3410 OK RX 55 AA 03 07 00 05 6C 04 00 01 00 7F
5.4330 OK RX 55 AA 03 07 00 08 6D 02 00 04 00 00 00 2E B2
5.8140 OK RX 55 AA 03 07 00 05 0A 01 00 01 01 1B
5.8260 OK RX 55 AA 03 07 00 05 65 04 00 01 01 79
5.8380 OK RX 55 AA 03 07 00 05 66 04 00 01 00 79
5.8520 OK RX 55 AA 03 07 00 05 67 01 00 01 00 77
5.8640 OK RX 55 AA 03 07 00 05 68 01 00 01 00 78
5.8760 OK RX 55 AA 03 07 00 05 69 04 00 01 00 7C
5.8900 OK RX 55 AA 03 07 00 05 6A 04 00 01 01 7E
5.9020 OK RX 55 AA 03 07 00 05 6B 04 00 01 00 7E
5.9140 OK RX 55 AA 03 07 00 05 6C 04 00 01 00 7F
5.9260 OK RX 55 AA 03 07 00 08 6D 02 00 04 00 00 00 2E B2
6.2970 OK RX 55 AA 03 07 00 05 65 04 00 01 01 79
6.3280 OK RX 55 AA 03 07 00 05 0A 01 00 01 00 1A
6.3400 OK RX 55 AA 03 07 00 05 65 04 00 01 01 79
6.3530 OK RX 55 AA 03 07 00 05 66 04 00 01 00 79
6.3660 OK RX 55 AA 03 07 00 05 67 01 00 01 00 77
6.3780 OK RX 55 AA 03 07 00 05 68 01 00 01 00 78
6.3910 OK RX 55 AA 03 07 00 05 69 04 00 01 00 7C
6.4040 OK RX 55 AA 03 07 00 05 6A 04 00 01 00 7D
6.4160 OK RX 55 AA 03 07 00 05 6B 04 00 01 00 7E
6.5090 OK RX 55 AA 03 07 00 05 6C 04 00 01 00 7F
6.9620 OK RX 55 AA 03 07 00 05 0A 01 00 01 01 1B
6.9740 OK RX 55 AA 03 07 00 05 65 04 00 01 01 79
6.9870 OK RX 55 AA 03 07 00 05 66 04 00 01 00 79
7.0000 OK RX 55 AA 03 07 00 05 67 01 00 01 00 77
7.0120 OK RX 55 AA 03 07 00 05 68 01 00 01 00 78
7.0250 OK RX 55 AA 03 07 00 05 69 04 00 01 00 7C
7.0370 OK RX 55 AA 03 07 00 05 6A 04 00 01 01 7E
7.0500 OK RX 55 AA 03 07 00 05 6B 04 00 01 00 7E
7.0630 OK RX 55 AA 03 07 00 05 6C 04 00 01 00 7F
7.0750 OK RX 55 AA 03 07 00 08 6D 02 00 04 00 00 00 2E B2
7.5560 OK RX 55 AA 03 07 00 05 0A 01 00 01 00 1A
7.5680 OK RX 55 AA 03 07 00 05 65 04 00 01 01 79
7.5800 OK RX 55 AA 03 07 00 05 66 04 00 01 00 79
7.5930 OK RX 55 AA 03 07 00 05 67 01 00 01 00 77
7.6060 OK RX 55 AA 03 07 00 05 68 01 00 01 00 78
7.6180 OK RX 55 AA 03 07 00 05 69 04 00 01 00 7C
7.6310 OK RX 55 AA 03 07 00 05 6A 04 00 01 00 7D
7.6440 OK RX 55 AA 03 07 00 05 6B 04 00 01 00 7E
7.6560 OK RX 55 AA 03 07 00 05 6C 04 00 01 00 7F
7.7480 OK RX 55 AA 03 07 00 08 6D 02 00 04 00 00 00 2E B2
8.8270 OK RX 55 AA 03 07 00 05 65 04 00 01 01 79
10.9430 OK RX 55 AA 03 07 00 05 65 04 00 01 01 79
10.9590 OK TX 55 AA 00 00 00 00 FF
10.9680 OK RX 55 AA 03 00 00 01 01 04
11.6880 OK RX 55 AA 03 07 00 05 0A 01 00 01 01 1B
11.7010 OK RX 55 AA 03 07 00 05 65 04 00 01 01 79
11.7130 OK RX 55 AA 03 07 00 05 66 04 00 01 00 79
11.7260 OK RX 55 AA 03 07 00 05 67 01 00 01 00 77
11.7390 OK RX 55 AA 03 07 00 05 68 01 00 01 00 78
11.7510 OK RX 55 AA 03 07 00 05 69 04 00 01 00 7C
11.7640 OK RX 55 AA 03 07 00 05 6A 04 00 01 01 7E
11.7770 OK RX 55 AA 03 07 00 05 6B 04 00 01 00 7E
11.7890 OK RX 55 AA 03 07 00 05 6C 04 00 01 00 7F
11.8020 OK RX 55 AA 03 07 00 08 6D 02 00 04 00 00 00 2E B2
12.6310 OK RX 55 AA 03 07 00 05 6A 04 00 01 01 7E
13.2760 OK RX 55 AA 03 07 00 05 65 04 00 01 01 79
13.6280 OK RX 55 AA 03 07 00 05 6A 04 00 01 01 7E
14.6260 OK RX 55 AA 03 07 00 05 6A 04 00 01 01 7E
15.5250 OK RX 55 AA 03 07 00 05 65 04 00 01 01 79