1.1330 OK RX 55 AA 03 07 00 05 65 04 00 01 01 79
1.9250 OK RX 55 AA 03 07 00 05 0A 01 00 01 01 1B
1.9370 OK RX 55 AA 03 07 00 05 65 04 00 01 01 79
1.9490 OK RX 55 AA 03 07 00 05 66 04 00 01 00 79
1.9630 OK RX 55 AA 03 07 00 05 67 01 00 01 00 77
1.9750 OK RX 55 AA 03 07 00 05 68 01 00 01 00 78
1.9870 OK RX 55 AA 03 07 00 05 69 04 00 01 00 7C
2.0000 OK RX 55 AA 03 07 00 05 6A 04 00 01 01 7E
2.0130 OK RX 55 AA 03 07 00 05 6B 04 00 01 00 7E
2.0250 OK RX 55 AA 03 07 00 05 6C 04 00 01 00 7F
2.0380 OK RX 55 AA 03 07 00 08 6D 02 00 04 00 00 00 2E B2
2.8490 OK RX 55 AA 03 07 00 05 6A 04 00 01 01 7E
3.4500 OK RX 55 AA 03 07 00 05 65 04 00 01 01 79
3.8480 OK RX 55 AA 03 07 00 05 6A 04 00 01 01 7E
4.8460 OK RX 55 AA 03 07 00 05 6A 04 00 01 01 7E
5.6910 OK RX 55 AA 03 07 00 05 65 04 00 01 01 79
5.7040 OK RX 55 AA 03 07 00 05 66 04 00 01 01 7A
5.7160 OK RX 55 AA 03 07 00 05 67 01 00 01 00 77
5.7300 OK RX 55 AA 03 07 00 05 68 01 00 01 00 78
5.7420 INVALID RX 55 AA 03 07 00 55 05 AA 6A 00 04 00 00 00 01 00 01 FF 7E 55 AA 03 00 00 01 01 04 55 AA 03 07 00 05 6A 04 00 01 01 7E 55 AA 03 07 00 05 66 04 00 01 02 7B 55 AA 03 07 00 05 67 01 00 01 00 77 55 AA 03 07 00 05 68 01 00 01 00 78 55 AA 03 07 00 05 6A 04 00 01 01 7E 55 AA 03 07 00
6.4830 OK RX 55 AA 03 07 00 05 67 01 00 01 00 77
6.7360 OK RX 55 AA 03 07 00 05 66 04 00 01 00 79
6.7500 OK RX 55 AA 03 07 00 05 67 01 00 01 01 78
6.7620 OK RX 55 AA 03 07 00 05 68 01 00 01 00 78
6.7740 OK RX 55 AA 03 07 00 05 6A 04 00 01 00 7D
6.8440 OK RX 55 AA 03 07 00 05 6A 04 00 01 00 7D
7.0860 OK RX 55 AA 03 07 00 05 66 04 00 01 00 79
7.0980 OK RX 55 AA 03 07 00 05 67 01 00 01 00 77
7.1100 OK RX 55 AA 03 07 00 05 68 01 00 01 00 78
7.1230 OK RX 55 AA 03 07 00 05 6A 04 00 01 00 7D
7.4640 OK RX 55 AA 03 07 00 05 66 04 00 01 01 7A
7.4780 OK RX 55 AA 03 07 00 05 67 01 00 01 00 77
7.4900 OK RX 55 AA 03 07 00 05 68 01 00 01 00 78
7.5020 OK RX 55 AA 03 07 00 05 6A 04 00 01 00 7D
7.7740 OK RX 55 AA 03 07 00 05 66 04 00 01 02 7B
7.7860 OK RX 55 AA 03 07 00 05 67 01 00 01 00 77
7.7990 OK RX 55 AA 03 07 00 05 68 01 00 01 00 78
7.8120 OK RX 55 AA 03 07 00 05 6A 04 00 01 00 7D
7.8430 OK RX 55 AA 03 07 00 05 6A 04 00 01 00 7D
8.1540 OK RX 55 AA 03 07 00 05 66 04 00 01 03 7C
8.2450 OK RX 55 AA 03 07 00 05 67 01 00 01 00 77
8.4220 OK RX 55 AA 03 07 00 05 65 04 00 01 01 79
8.5020 OK RX 55 AA 03 07 00 05 66 04 00 01 00 79
8.5150 OK RX 55 AA 03 07 00 05 67 01 00 01 01 78
8.5270 OK RX 55 AA 03 07 00 05 68 01 00 01 00 78
8.5400 OK RX 55 AA 03 07 00 05 6A 04 00 01 00 7D
8.8410 OK RX 55 AA 03 07 00 05 6A 04 00 01 00 7D
8.9210 OK RX 55 AA 03 07 00 05 66 04 00 01 00 79
8.9330 OK RX 55 AA 03 07 00 05 67 01 00 01 00 77
8.9450 OK RX 55 AA 03 07 00 05 68 01 00 01 00 78
8.9580 OK RX 55 AA 03 07 00 05 6A 04 00 01 00 7D
9.2490 OK RX 55 AA 03 07 00 05 66 04 00 01 01 7A
9.2620 OK RX 55 AA 03 07 00 05 67 01 00 01 00 77
9.2750 OK RX 55 AA 03 07 00 05 68 01 00 01 00 78
9.2870 OK RX 55 AA 03 07 00 05 6A 04 00 01 00 7D
9.6590 OK RX 55 AA 03 07 00 05 66 04 00 01 02 7B
9.6710 OK RX 55 AA 03 07 00 05 67 01 00 01 00 77
9.6830 OK RX 55 AA 03 07 00 05 68 01 00 01 00 78
9.6970 OK RX 55 AA 03 07 00 05 6A 04 00 01 00 7D
9.8390 OK RX 55 AA 03 07 00 05 6A 04 00 01 00 7D
9.9780 OK RX 55 AA 03 07 00 05 66 04 00 01 03 7C
9.9910 OK RX 55 AA 03 07 00 05 67 01 00 01 00 77
10.0030 OK RX 55 AA 03 07 00 05 68 01 00 01 00 78
10.0160 OK RX 55 AA 03 07 00 05 6A 04 00 01 00 7D
10.3160 OK RX 55 AA 03 07 00 05 66 04 00 01 00 79
10.3290 OK RX 55 AA 03 07 00 05 67 01 00 01 01 78
10.3420 OK RX 55 AA 03 07 00 05 68 01 00 01 00 78
10.3540 OK RX 55 AA 03 07 00 05 6A 04 00 01 00 7D
10.6270 OK RX 55 AA 03 07 00 05 66 04 00 01 00 79
10.6390 OK RX 55 AA 03 07 00 05 67 01 00 01 00 77
10.6510 OK RX 55 AA 03 07 00 05 68 01 00 01 00 78
10.6630 OK RX 55 AA 03 07 00 05 6A 04 00 01 00 7D
10.8380 OK RX 55 AA 03 07 00 05 6A 04 00 01 00 7D
10.9250 OK RX 55 AA 03 07 00 05 66 04 00 01 01 7A
10.9370 OK RX 55 AA 03 07 00 05 67 01 00 01 00 77
10.9500 OK RX 55 AA 03 07 00 05 68 01 00 01 00 78
10.9620 OK RX 55 AA 03 07 00 05 6A 04 00 01 00 7D
11.1340 OK RX 55 AA 03 07 00 05 65 04 00 01 01 79
11.2430 OK RX 55 AA 03 07 00 05 66 04 00 01 02 7B
11.2560 OK RX 55 AA 03 07 00 05 67 01 00 01 00 77
11.3500 OK RX 55 AA 03 07 00 05 68 01 00 01 00 78
11.5440 OK RX 55 AA 03 07 00 05 66 04 00 01 03 7C
11.5560 OK RX 55 AA 03 07 00 05 67 01 00 01 00 77
11.5700 OK RX 55 AA 03 07 00 05 68 01 00 01 00 78
11.5820 OK RX 55 AA 03 07 00 05 6A 04 00 01 00 7D
11.8370 OK RX 55 AA 03 07 00 05 6A 04 00 01 00 7D
11.8820 OK RX 55 AA 03 07 00 05 66 04 00 01 00 79
11.8940 OK RX 55 AA 03 07 00 05 67 01 00 01 01 78
11.9080 OK RX 55 AA 03 07 00 05 68 01 00 01 00 78
11.9200 OK RX 55 AA 03 07 00 05 6A 04 00 01 00 7D
12.2010 OK RX 55 AA 03 07 00 05 66 04 00 01 00 79
12.2140 OK RX 55 AA 03 07 00 05 67 01 00 01 00 77
12.2260 OK RX 55 AA 03 07 00 05 68 01 00 01 00 78
12.2380 OK RX 55 AA 03 07 00 05 6A 04 00 01 00 7D
12.4500 OK RX 55 AA 03 07 00 05 66 04 00 01 01 7A
12.4640 OK RX 55 AA 03 07 00 05 67 01 00 01 00 77
12.4760 OK RX 55 AA 03 07 00 05 68 01 00 01 00 78
12.4880 OK RX 55 AA 03 07 00 05 6A 04 00 01 00 7D
12.7490 OK RX 55 AA 03 07 00 05 66 04 00 01 02 7B
12.7620 OK RX 55 AA 03 07 00 05 67 01 00 01 00 77
12.8550 OK RX 55 AA 03 07 00 05 68 01 00 01 00 78
13.0090 OK RX 55 AA 03 07 00 05 66 04 00 01 03 7C
13.0220 OK RX 55 AA 03 07 00 05 67 01 00 01 00 77
13.0340 OK RX 55 AA 03 07 00 05 68 01 00 01 00 78
13.0470 OK RX 55 AA 03 07 00 05 6A 04 00 01 00 7D
13.2880 OK RX 55 AA 03 07 00 05 66 04 00 01 00 79
13.3010 OK RX 55 AA 03 07 00 05 67 01 00 01 01 78
13.3140 OK RX 55 AA 03 07 00 05 68 01 00 01 00 78
13.3260 OK RX 55 AA 03 07 00 05 6A 04 00 01 00 7D
13.5780 OK RX 55 AA 03 07 00 05 66 04 00 01 00 79
13.5900 OK RX 55 AA 03 07 00 05 67 01 00 01 00 77
13.6020 OK RX 55 AA 03 07 00 05 68 01 00 01 00 78
13.6160 OK RX 55 AA 03 07 00 05 6A 04 00 01 00 7D
13.8340 OK RX 55 AA 03 07 00 05 6A 04 00 01 00 7D
13.8820 OK RX 55 AA 03 07 00 05 65 04 00 01 01 79
14.8330 OK RX 55 AA 03 07 00 05 6A 04 00 01 00 7D
15.8310 OK RX 55 AA 03 07 00 05 6A 04 00 01 00 7D
16.1340 OK RX 55 AA 03 07 00 05 65 04 00 01 01 79
16.8290 OK RX 55 AA 03 07 00 05 6A 04 00 01 00 7D
16.9570 OK RX 55 AA 03 07 00 05 66 04 00 01 01 7A