water available
359.9970 OK RX 55 AA 03 07 00 05 6A 04 00 01 00 7D
360.3140 OK RX 55 AA 03 07 00 05 65 04 00 01 01 79
360.9960 OK RX 55 AA 03 07 00 05 6A 04 00 01 00 7D
361.5840 OK RX 55 AA 03 07 00 08 6D 02 00 04 00 00 00 3F C3
362.0010 OK RX 55 AA 03 07 00 05 6A 04 00 01 00 7D
362.5680 OK RX 55 AA 03 07 00 05 65 04 00 01 01 79
362.9980 OK RX 55 AA 03 07 00 05 6A 04 00 01 00 7D
363.9970 OK RX 55 AA 03 07 00 05 6A 04 00 01 00 7D
364.8120 OK RX 55 AA 03 07 00 05 65 04 00 01 01 79
364.9950 OK RX 55 AA 03 07 00 05 6A 04 00 01 00 7D
365.9930 OK RX 55 AA 03 07 00 05 6A 04 00 01 00 7D
366.5810 OK RX 55 AA 03 07 00 08 6D 02 00 04 00 00 00 3F C3
366.9960 OK RX 55 AA 03 07 00 05 6A 04 00 01 00 7D
367.0910 OK RX 55 AA 03 07 00 05 65 04 00 01 01 79
367.9950 OK RX 55 AA 03 07 00 05 6A 04 00 01 00 7D
368.9950 OK RX 55 AA 03 07 00 05 6A 04 00 01 00 7D
369.3290 OK RX 55 AA 03 07 00 05 65 04 00 01 01 79
369.9930 OK RX 55 AA 03 07 00 05 6A 04 00 01 00 7D
370.9920 OK RX 55 AA 03 07 00 05 6A 04 00 01 00 7D
371.5690 OK RX 55 AA 03 07 00 05 65 04 00 01 01 79
371.5880 OK RX 55 AA 03 07 00 08 6D 02 00 04 00 00 00 3F C3
371.9950 OK RX 55 AA 03 07 00 05 6A 04 00 01 00 7D
372.9940 OK RX 55 AA 03 07 00 05 6A 04 00 01 00 7D
373.5670 OK TX 55 AA 00 00 00 00 FF
373.5750 OK RX 55 AA 03 00 00 01 01 04
373.8380 OK RX 55 AA 03 07 00 05 65 04 00 01 01 79
373.9920 OK RX 55 AA 03 07 00 05 6A 04 00 01 00 7D
374.9910 OK RX 55 AA 03 07 00 05 6A 04 00 01 00 7D
375.9910 OK RX 55 AA 03 07 00 05 6A 04 00 01 00 7D
376.0790 OK RX 55 AA 03 07 00 05 65 04 00 01 01 79
376.5790 OK RX 55 AA 03 07 00 08 6D 02 00 04 00 00 00 3F C3
376.9930 OK RX 55 AA 03 07 00 05 6A 04 00 01 00 7D
377.9920 OK RX 55 AA 03 07 00 05 6A 04 00 01 00 7D
378.3410 OK RX 55 AA 03 07 00 05 65 04 00 01 01 79
378.9900 OK RX 55 AA 03 07 00 05 6A 04 00 01 00 7D
379.9900 OK RX 55 AA 03 07 00 05 6A 04 00 01 00 7D
380.5930 OK RX 55 AA 03 07 00 05 65 04 00 01 01 79
380.9880 OK RX 55 AA 03 07 00 05 6A 04 00 01 00 7D
381.5780 OK RX 55 AA 03 07 00 08 6D 02 00 04 00 00 00 3F C3
381.9930 OK RX 55 AA 03 07 00 05 6A 04 00 01 00 7D
382.8480 OK RX 55 AA 03 07 00 05 65 04 00 01 01 79
382.9910 OK RX 55 AA 03 07 00 05 6A 04 00 01 00 7D
383.9880 OK RX 55 AA 03 07 00 05 6A 04 00 01 00 7D
384.9880 OK RX 55 AA 03 07 00 05 6A 04 00 01 00 7D
385.1020 OK RX 55 AA 03 07 00 05 65 04 00 01 01 79

no water
496.9420 OK RX 55 AA 03 07 00 05 6A 04 00 01 00 7D
497.4730 OK RX 55 AA 03 07 00 05 65 04 00 01 01 79
497.9420 OK RX 55 AA 03 07 00 05 6A 04 00 01 00 7D
498.9400 OK RX 55 AA 03 07 00 05 6A 04 00 01 00 7D
499.7210 OK RX 55 AA 03 07 00 05 65 04 00 01 01 79
499.9380 OK RX 55 AA 03 07 00 05 6A 04 00 01 00 7D
500.9360 OK RX 55 AA 03 07 00 05 6A 04 00 01 00 7D
501.5400 OK RX 55 AA 03 07 00 08 6D 02 00 04 00 00 00 40 C4
501.9390 OK RX 55 AA 03 07 00 05 6A 04 00 01 00 7D
501.9810 OK RX 55 AA 03 07 00 05 65 04 00 01 01 79
502.9370 OK RX 55 AA 03 07 00 05 6A 04 00 01 00 7D
503.9370 OK RX 55 AA 03 07 00 05 6A 04 00 01 00 7D
504.2260 OK RX 55 AA 03 07 00 05 65 04 00 01 01 79
504.9360 OK RX 55 AA 03 07 00 05 6A 04 00 01 00 7D
505.9330 OK RX 55 AA 03 07 00 05 6A 04 00 01 00 7D
506.4620 OK RX 55 AA 03 07 00 05 65 04 00 01 01 79
506.5390 OK RX 55 AA 03 07 00 08 6D 02 00 04 00 00 00 40 C4
506.9360 OK RX 55 AA 03 07 00 05 6A 04 00 01 00 7D
507.9350 OK RX 55 AA 03 07 00 05 6A 04 00 01 00 7D
508.7150 OK TX 55 AA 00 00 00 00 FF
508.7230 OK RX 55 AA 03 00 00 01 01 04
508.7410 OK RX 55 AA 03 07 00 05 65 04 00 01 01 79
508.9340 OK RX 55 AA 03 07 00 05 6A 04 00 01 00 7D
509.9320 OK RX 55 AA 03 07 00 05 6A 04 00 01 00 7D
510.9310 OK RX 55 AA 03 07 00 05 6A 04 00 01 00 7D
510.9980 OK RX 55 AA 03 07 00 05 65 04 00 01 01 79
511.5370 OK RX 55 AA 03 07 00 08 6D 02 00 04 00 00 00 40 C4
511.9340 OK RX 55 AA 03 07 00 05 6A 04 00 01 00 7D
512.9320 OK RX 55 AA 03 07 00 05 6A 04 00 01 00 7D
513.7600 OK RX 55 AA 03 07 00 05 65 04 00 01 00 78
513.9310 OK RX 55 AA 03 07 00 05 6A 04 00 01 01 7E
514.9300 OK RX 55 AA 03 07 00 05 6A 04 00 01 01 7E
515.9290 OK RX 55 AA 03 07 00 05 6A 04 00 01 01 7E
516.0010 OK RX 55 AA 03 07 00 05 65 04 00 01 00 78
516.5340 OK RX 55 AA 03 07 00 08 6D 02 00 04 00 00 00 40 C4
516.9310 OK RX 55 AA 03 07 00 05 6A 04 00 01 01 7E
517.9320 OK RX 55 AA 03 07 00 05 6A 04 00 01 01 7E
518.2630 OK RX 55 AA 03 07 00 05 65 04 00 01 00 78
518.9290 OK RX 55 AA 03 07 00 05 6A 04 00 01 01 7E
519.9270 OK RX 55 AA 03 07 00 05 6A 04 00 01 01 7E
520.4950 OK RX 55 AA 03 07 00 05 65 04 00 01 00 78
520.9260 OK RX 55 AA 03 07 00 05 6A 04 00 01 01 7E
521.5320 OK RX 55 AA 03 07 00 08 6D 02 00 04 00 00 00 40 C4
521.9280 OK RX 55 AA 03 07 00 05 6A 04 00 01 01 7E
522.7450 OK RX 55 AA 03 07 00 05 65 04 00 01 00 78
522.9270 OK RX 55 AA 03 07 00 05 6A 04 00 01 01 7E
523.7300 OK TX 55 AA 00 00 00 00 FF
523.7390 OK RX 55 AA 03 00 00 01 01 04
523.9250 OK RX 55 AA 03 07 00 05 6A 04 00 01 01 7E
524.9260 OK RX 55 AA 03 07 00 05 6A 04 00 01 01 7E
524.9930 OK RX 55 AA 03 07 00 05 65 04 00 01 00 78
525.9230 OK RX 55 AA 03 07 00 05 6A 04 00 01 01 7E
526.5310 OK RX 55 AA 03 07 00 08 6D 02 00 04 00 00 00 40 C4
526.9250 OK RX 55 AA 03 07 00 05 6A 04 00 01 01 7E
527.2630 OK RX 55 AA 03 07 00 05 65 04 00 01 00 78
527.9240 OK RX 55 AA 03 07 00 05 6A 04 00 01 01 7E
528.9230 OK RX 55 AA 03 07 00 05 6A 04 00 01 01 7E
529.4950 OK RX 55 AA 03 07 00 05 65 04 00 01 00 78
529.9220 OK RX 55 AA 03 07 00 05 6A 04 00 01 01 7E
530.9200 OK RX 55 AA 03 07 00 05 6A 04 00 01 01 7E
531.5280 OK RX 55 AA 03 07 00 08 6D 02 00 04 00 00 00 40 C4
531.7550 OK RX 55 AA 03 07 00 05 65 04 00 01 00 78
531.9230 OK RX 55 AA 03 07 00 05 6A 04 00 01 01 7E
532.9220 OK RX 55 AA 03 07 00 05 6A 04 00 01 01 7E